timestamp: 2013-01-05T14:29:33.603000
CREATE TABLE auth_user(
    id INTEGER PRIMARY KEY AUTOINCREMENT,
    first_name CHAR(128),
    last_name CHAR(128),
    email CHAR(512),
    password CHAR(512),
    registration_key CHAR(512),
    reset_password_key CHAR(512),
    registration_id CHAR(512)
);
success!
timestamp: 2013-01-05T14:29:33.675000
CREATE TABLE auth_group(
    id INTEGER PRIMARY KEY AUTOINCREMENT,
    role CHAR(512),
    description TEXT
);
success!
timestamp: 2013-01-05T14:29:33.789000
CREATE TABLE auth_membership(
    id INTEGER PRIMARY KEY AUTOINCREMENT,
    user_id INTEGER REFERENCES auth_user (id) ON DELETE CASCADE,
    group_id INTEGER REFERENCES auth_group (id) ON DELETE CASCADE
);
success!
timestamp: 2013-01-05T14:29:33.900000
CREATE TABLE auth_permission(
    id INTEGER PRIMARY KEY AUTOINCREMENT,
    group_id INTEGER REFERENCES auth_group (id) ON DELETE CASCADE,
    name CHAR(512),
    table_name CHAR(512),
    record_id INTEGER
);
success!
timestamp: 2013-01-05T14:29:34
CREATE TABLE auth_event(
    id INTEGER PRIMARY KEY AUTOINCREMENT,
    time_stamp TIMESTAMP,
    client_ip CHAR(512),
    user_id INTEGER REFERENCES auth_user (id) ON DELETE CASCADE,
    origin CHAR(512),
    description TEXT
);
success!
timestamp: 2013-01-05T14:29:34.083000
CREATE TABLE auth_cas(
    id INTEGER PRIMARY KEY AUTOINCREMENT,
    user_id INTEGER REFERENCES auth_user (id) ON DELETE CASCADE,
    created_on TIMESTAMP,
    service CHAR(512),
    ticket CHAR(512),
    renew CHAR(1)
);
success!
timestamp: 2013-01-05T15:46:19.163000
ALTER TABLE auth_user ADD description TEXT;
timestamp: 2013-01-05T15:46:57.799000
CREATE TABLE afspraaktype(
    id INTEGER PRIMARY KEY AUTOINCREMENT,
    auth_user_id INTEGER REFERENCES auth_user (id) ON DELETE CASCADE,
    naam CHAR(512),
    prijs INTEGER,
    lengte INTEGER
);
success!
timestamp: 2013-01-05T15:46:57.882000
CREATE TABLE afspraaktijdstip(
    id INTEGER PRIMARY KEY AUTOINCREMENT,
    type_id INTEGER REFERENCES type (id) ON DELETE CASCADE,
    datum DATE,
    tijd TIME,
    enabled CHAR(1)
);
success!
timestamp: 2013-01-19T12:52:37.562000
ALTER TABLE afspraaktijdstip ADD afspraaktype_id INTEGER REFERENCES afspraaktype (id) ON DELETE CASCADE;
timestamp: 2013-01-19T15:50:40.333000
ALTER TABLE auth_user ADD naam CHAR(512);
timestamp: 2013-01-19T15:54:04.589000
ALTER TABLE auth_user ADD sitename CHAR(512);
timestamp: 2013-01-22T23:00:16.405000
CREATE TABLE klant(
    id INTEGER PRIMARY KEY AUTOINCREMENT,
    email CHAR(512) UNIQUE,
    naam CHAR(512),
    telefoon CHAR(512),
    straat CHAR(512),
    huisnummer CHAR(512),
    plaats CHAR(512),
    postcode CHAR(512)
);
success!
timestamp: 2013-01-22T23:21:33.979000
CREATE TABLE afspraak(
    id INTEGER PRIMARY KEY AUTOINCREMENT,
    afspraaktype_id INTEGER REFERENCES afspraaktype (id) ON DELETE CASCADE,
    klant_id INTEGER REFERENCES klant (id) ON DELETE CASCADE,
    datum DATE,
    tijd TIME,
    prijs INTEGER,
    lengte INTEGER,
    naam CHAR(512)
);
success!
