[2013-01-05 14:29:15] START
[2013-01-05 15:32:37] EDIT AfspraakAssistent/models/db.py: 59
[2013-01-05 15:46:07] EDIT AfspraakAssistent/models/db.py: -42
[2013-01-05 15:46:08] EDIT AfspraakAssistent/models/db.py: 0
[2013-01-05 15:46:48] EDIT AfspraakAssistent/models/db.py: 0
[2013-01-05 15:47:12] EDIT AfspraakAssistent/models/db.py: 0
[2013-01-05 15:52:56] EDIT AfspraakAssistent/controllers/default.py: 3
[2013-01-05 15:54:35] EDIT AfspraakAssistent/controllers/default.py: 4
[2013-01-05 15:54:37] EDIT AfspraakAssistent/controllers/default.py: 0
[2013-01-05 15:54:53] EDIT AfspraakAssistent/controllers/default.py: -1
[2013-01-05 16:13:07] EDIT AfspraakAssistent/controllers/default.py: -1
[2013-01-05 16:23:31] EDIT AfspraakAssistent/views/default/index.html: -18
[2013-01-05 16:24:11] EDIT AfspraakAssistent/views/layout.html: -1
[2013-01-05 16:25:23] EDIT AfspraakAssistent/views/layout.html: 2
[2013-01-05 16:28:11] EDIT AfspraakAssistent/views/default/index.html: 3
[2013-01-05 16:28:27] EDIT AfspraakAssistent/views/default/index.html: -1
[2013-01-05 16:40:54] EDIT AfspraakAssistent/views/default/index.html: 0
[2013-01-05 16:41:08] EDIT AfspraakAssistent/views/default/index.html: 0
[2013-01-05 16:46:33] EDIT AfspraakAssistent/views/default/index.html: 1
[2013-01-05 16:47:00] EDIT AfspraakAssistent/views/default/index.html: 0
[2013-01-05 16:48:19] EDIT AfspraakAssistent/views/default/index.html: 1
[2013-01-05 16:50:47] EDIT AfspraakAssistent/views/default/index.html: 1
[2013-01-05 16:52:29] EDIT AfspraakAssistent/views/default/index.html: 6
[2013-01-05 16:55:26] EDIT AfspraakAssistent/views/default/index.html: 0
[2013-01-05 16:58:22] EDIT AfspraakAssistent/views/default/index.html: 0
[2013-01-05 17:00:00] EDIT AfspraakAssistent/views/default/index.html: 0
[2013-01-05 17:00:26] EDIT AfspraakAssistent/views/default/index.html: 0
[2013-01-05 17:01:35] EDIT AfspraakAssistent/views/default/index.html: 0
[2013-01-05 17:01:53] EDIT AfspraakAssistent/views/default/index.html: 0
[2013-01-05 17:02:12] EDIT AfspraakAssistent/views/default/index.html: 0
[2013-01-05 17:02:43] EDIT AfspraakAssistent/views/default/index.html: 0
[2013-01-05 17:04:06] EDIT AfspraakAssistent/views/default/index.html: 0
[2013-01-05 17:05:55] EDIT AfspraakAssistent/views/default/index.html: 0
[2013-01-05 17:10:26] EDIT AfspraakAssistent/views/default/index.html: -1
[2013-01-05 17:11:10] EDIT AfspraakAssistent/views/default/index.html: 1
[2013-01-05 17:12:15] EDIT AfspraakAssistent/views/default/index.html: 0
[2013-01-05 17:12:25] EDIT AfspraakAssistent/views/default/index.html: 0
[2013-01-05 17:12:46] EDIT AfspraakAssistent/views/default/index.html: 0
[2013-01-05 17:13:56] EDIT AfspraakAssistent/views/default/index.html: -2
[2013-01-05 17:14:56] EDIT AfspraakAssistent/views/default/index.html: 3
[2013-01-05 17:15:14] EDIT AfspraakAssistent/views/default/index.html: 1
[2013-01-05 17:16:39] EDIT AfspraakAssistent/views/default/index.html: 5
[2013-01-05 17:17:11] EDIT AfspraakAssistent/views/default/index.html: -5
[2013-01-05 17:18:02] EDIT AfspraakAssistent/views/default/index.html: 0
[2013-01-05 17:24:49] EDIT AfspraakAssistent/views/default/index.html: 0
[2013-01-05 17:24:49] EDIT AfspraakAssistent/views/default/index.html: 0
[2013-01-05 17:25:18] EDIT AfspraakAssistent/views/default/index.html: 0
[2013-01-05 17:31:55] EDIT AfspraakAssistent/views/default/index.html: -4
[2013-01-05 17:33:46] EDIT AfspraakAssistent/views/default/index.html: -1
[2013-01-05 17:34:09] EDIT AfspraakAssistent/views/default/index.html: 0
[2013-01-05 17:40:00] EDIT AfspraakAssistent/views/default/index.html: 0
[2013-01-05 17:40:01] EDIT AfspraakAssistent/views/default/index.html: 0
[2013-01-05 17:40:15] EDIT AfspraakAssistent/views/default/index.html: 0
[2013-01-05 17:40:30] CREATE ajax.py: 0
[2013-01-05 17:41:08] EDIT AfspraakAssistent/controllers/ajax.py: 0
[2013-01-05 17:41:17] EDIT AfspraakAssistent/controllers/ajax.py: 0
[2013-01-05 17:42:18] EDIT AfspraakAssistent/controllers/ajax.py: 1
[2013-01-05 17:42:20] EDIT AfspraakAssistent/controllers/ajax.py: 0
[2013-01-05 17:43:55] EDIT AfspraakAssistent/controllers/ajax.py: 1
[2013-01-05 17:44:12] EDIT AfspraakAssistent/controllers/ajax.py: 1
[2013-01-05 17:44:48] EDIT AfspraakAssistent/controllers/ajax.py: 0
[2013-01-05 17:45:06] EDIT AfspraakAssistent/controllers/ajax.py: 0
[2013-01-05 17:45:08] EDIT AfspraakAssistent/controllers/ajax.py: 0
[2013-01-05 17:45:09] EDIT AfspraakAssistent/controllers/ajax.py: 0
[2013-01-05 17:45:09] EDIT AfspraakAssistent/controllers/ajax.py: 0
[2013-01-05 17:46:39] EDIT AfspraakAssistent/views/default/index.html: 1
[2013-01-05 17:48:34] EDIT AfspraakAssistent/views/default/index.html: 0
[2013-01-05 17:49:05] EDIT AfspraakAssistent/controllers/ajax.py: 0
[2013-01-05 17:49:32] EDIT AfspraakAssistent/controllers/ajax.py: 0
[2013-01-05 17:50:02] EDIT AfspraakAssistent/controllers/ajax.py: 0
[2013-01-05 17:50:06] EDIT AfspraakAssistent/controllers/ajax.py: 0
[2013-01-05 17:50:34] EDIT AfspraakAssistent/controllers/ajax.py: 0
[2013-01-05 17:50:40] EDIT AfspraakAssistent/controllers/ajax.py: 0
[2013-01-05 17:51:08] EDIT AfspraakAssistent/views/default/index.html: 0
[2013-01-05 17:51:46] EDIT AfspraakAssistent/views/default/index.html: -1
[2013-01-05 17:54:15] EDIT AfspraakAssistent/views/default/index.html: 0
[2013-01-05 17:57:04] EDIT AfspraakAssistent/controllers/default.py: -6
[2013-01-05 17:57:04] EDIT AfspraakAssistent/controllers/default.py: 0
[2013-01-05 17:57:49] EDIT AfspraakAssistent/views/default/index.html: 1
[2013-01-05 18:03:47] EDIT AfspraakAssistent/views/default/index.html: 0
[2013-01-05 18:04:04] EDIT AfspraakAssistent/views/default/index.html: 4
[2013-01-05 18:05:41] EDIT AfspraakAssistent/views/default/index.html: 1
[2013-01-05 18:05:42] EDIT AfspraakAssistent/views/default/index.html: 0
[2013-01-05 18:06:33] EDIT AfspraakAssistent/views/default/index.html: 2
[2013-01-05 18:06:52] EDIT AfspraakAssistent/views/default/index.html: 0
[2013-01-05 18:07:06] EDIT AfspraakAssistent/views/default/index.html: 3
[2013-01-05 18:07:19] EDIT AfspraakAssistent/views/default/index.html: 0
[2013-01-05 18:07:20] EDIT AfspraakAssistent/views/default/index.html: 0
[2013-01-05 18:07:20] EDIT AfspraakAssistent/views/default/index.html: 0
[2013-01-05 18:07:20] EDIT AfspraakAssistent/views/default/index.html: 0
[2013-01-05 18:07:21] EDIT AfspraakAssistent/views/default/index.html: 0
[2013-01-05 18:09:13] EDIT AfspraakAssistent/views/default/index.html: 0
[2013-01-05 18:10:03] EDIT AfspraakAssistent/controllers/ajax.py: 3
[2013-01-05 19:09:56] EDIT AfspraakAssistent/controllers/ajax.py: 1
[2013-01-05 19:11:12] EDIT AfspraakAssistent/controllers/ajax.py: 1
[2013-01-05 19:13:22] EDIT AfspraakAssistent/controllers/ajax.py: 0
[2013-01-05 19:14:59] EDIT AfspraakAssistent/controllers/ajax.py: 0
[2013-01-05 19:16:03] EDIT AfspraakAssistent/controllers/ajax.py: 0
[2013-01-05 19:16:33] EDIT AfspraakAssistent/controllers/ajax.py: 0
[2013-01-05 19:16:33] EDIT AfspraakAssistent/controllers/ajax.py: 0
[2013-01-05 19:16:33] EDIT AfspraakAssistent/controllers/ajax.py: 0
[2013-01-05 19:16:51] EDIT AfspraakAssistent/controllers/ajax.py: 1
[2013-01-05 19:16:52] EDIT AfspraakAssistent/controllers/ajax.py: 0
[2013-01-05 19:17:27] EDIT AfspraakAssistent/views/default/index.html: 0
[2013-01-05 19:18:29] EDIT AfspraakAssistent/views/default/index.html: 4
[2013-01-05 19:19:44] EDIT AfspraakAssistent/views/default/index.html: 1
[2013-01-05 19:19:57] EDIT AfspraakAssistent/views/default/index.html: 0
[2013-01-05 19:20:19] EDIT AfspraakAssistent/views/default/index.html: 0
[2013-01-05 19:20:45] EDIT AfspraakAssistent/views/default/index.html: 0
[2013-01-05 19:21:15] EDIT AfspraakAssistent/views/default/index.html: -1
[2013-01-05 19:21:56] EDIT AfspraakAssistent/views/default/index.html: 0
[2013-01-05 19:22:22] EDIT AfspraakAssistent/views/default/index.html: 0
[2013-01-05 19:22:31] EDIT AfspraakAssistent/views/default/index.html: 0
[2013-01-05 19:23:06] EDIT AfspraakAssistent/views/default/index.html: 0
[2013-01-05 19:23:26] EDIT AfspraakAssistent/views/default/index.html: 0
[2013-01-05 19:23:46] EDIT AfspraakAssistent/views/default/index.html: -4
[2013-01-05 19:25:00] EDIT AfspraakAssistent/controllers/ajax.py: -1
[2013-01-05 19:25:47] EDIT AfspraakAssistent/controllers/ajax.py: 0
[2013-01-05 19:32:54] EDIT AfspraakAssistent/views/default/index.html: 0
[2013-01-05 19:33:43] CREATE ajax/addafspraaktype.html: 0
[2013-01-05 19:34:36] EDIT AfspraakAssistent/views/ajax/addafspraaktype.html: 9
[2013-01-05 19:34:57] EDIT AfspraakAssistent/controllers/ajax.py: 0
[2013-01-05 19:36:46] EDIT AfspraakAssistent/views/ajax/addafspraaktype.html: 0
[2013-01-05 19:37:32] EDIT AfspraakAssistent/views/ajax/addafspraaktype.html: 0
[2013-01-05 19:42:42] EDIT AfspraakAssistent/views/default/index.html: 6
[2013-01-05 19:45:09] EDIT AfspraakAssistent/views/default/index.html: 0
[2013-01-05 19:47:01] EDIT AfspraakAssistent/views/default/index.html: 0
[2013-01-05 19:48:43] EDIT AfspraakAssistent/views/default/index.html: 2
[2013-01-05 19:50:44] EDIT AfspraakAssistent/views/default/index.html: 0
[2013-01-05 19:56:09] EDIT AfspraakAssistent/views/ajax/addafspraaktype.html: 0
[2013-01-05 19:57:31] EDIT AfspraakAssistent/views/ajax/addafspraaktype.html: 0
[2013-01-05 19:57:49] EDIT AfspraakAssistent/views/default/index.html: 0
[2013-01-05 19:59:30] EDIT AfspraakAssistent/views/default/index.html: 0
[2013-01-05 20:01:22] EDIT AfspraakAssistent/views/ajax/addafspraaktype.html: 0
[2013-01-05 20:06:36] EDIT AfspraakAssistent/views/ajax/addafspraaktype.html: 3
[2013-01-05 20:07:27] EDIT AfspraakAssistent/views/default/index.html: 7
[2013-01-05 20:07:28] EDIT AfspraakAssistent/views/default/index.html: 0
[2013-01-05 20:07:29] EDIT AfspraakAssistent/views/default/index.html: 0
[2013-01-05 20:07:29] EDIT AfspraakAssistent/views/default/index.html: 0
[2013-01-05 20:07:29] EDIT AfspraakAssistent/views/default/index.html: 0
[2013-01-05 20:08:18] EDIT AfspraakAssistent/controllers/ajax.py: 8
[2013-01-05 20:08:19] EDIT AfspraakAssistent/controllers/ajax.py: 0
[2013-01-05 20:08:19] EDIT AfspraakAssistent/controllers/ajax.py: 0
[2013-01-05 20:08:19] EDIT AfspraakAssistent/controllers/ajax.py: 0
[2013-01-05 20:08:19] EDIT AfspraakAssistent/controllers/ajax.py: 0
[2013-01-05 20:09:00] CREATE ajax/loadafspraaktype.html: 0
[2013-01-05 20:09:17] EDIT AfspraakAssistent/views/ajax/loadafspraaktype.html: 12
[2013-01-05 20:10:35] EDIT AfspraakAssistent/views/default/index.html: 3
[2013-01-05 20:11:24] EDIT AfspraakAssistent/views/default/index.html: 1
[2013-01-05 20:12:35] EDIT AfspraakAssistent/views/ajax/loadafspraaktype.html: 0
[2013-01-05 20:13:05] DELETE AfspraakAssistent/views/ajax/addafspraaktype.html: -15
[2013-01-05 20:13:24] EDIT AfspraakAssistent/views/default/index.html: 0
[2013-01-05 20:13:50] EDIT AfspraakAssistent/controllers/ajax.py: 0
[2013-01-05 20:16:16] EDIT AfspraakAssistent/controllers/ajax.py: 0
[2013-01-05 20:16:40] EDIT AfspraakAssistent/controllers/ajax.py: 0
[2013-01-05 20:27:11] EDIT AfspraakAssistent/views/default/index.html: 14
[2013-01-05 20:28:34] EDIT AfspraakAssistent/views/ajax/loadafspraaktype.html: 0
[2013-01-05 20:31:15] EDIT AfspraakAssistent/views/ajax/loadafspraaktype.html: 0
[2013-01-05 20:33:13] EDIT AfspraakAssistent/views/ajax/loadafspraaktype.html: 0
[2013-01-05 20:33:14] EDIT AfspraakAssistent/views/ajax/loadafspraaktype.html: 0
[2013-01-05 20:37:36] EDIT AfspraakAssistent/views/default/index.html: 1
[2013-01-05 20:39:03] EDIT AfspraakAssistent/views/default/index.html: 0
[2013-01-05 20:40:06] EDIT AfspraakAssistent/views/ajax/loadafspraaktype.html: 1
[2013-01-05 20:40:32] EDIT AfspraakAssistent/views/ajax/loadafspraaktype.html: -1
[2013-01-05 20:40:50] EDIT AfspraakAssistent/views/default/index.html: 0
[2013-01-05 20:42:46] EDIT AfspraakAssistent/controllers/ajax.py: 1
[2013-01-05 20:43:19] EDIT AfspraakAssistent/controllers/ajax.py: 0
[2013-01-05 20:43:45] CREATE ajax/openafspraaktijden.html: 0
[2013-01-05 20:44:03] EDIT AfspraakAssistent/views/ajax/openafspraaktijden.html: -2
[2013-01-05 20:44:34] EDIT AfspraakAssistent/views/ajax/openafspraaktijden.html: 0
[2013-01-05 20:45:32] EDIT AfspraakAssistent/views/default/index.html: -1
[2013-01-05 20:46:47] EDIT AfspraakAssistent/controllers/ajax.py: 0
[2013-01-05 20:47:15] EDIT AfspraakAssistent/views/ajax/openafspraaktijden.html: 14
[2013-01-05 20:47:26] EDIT AfspraakAssistent/controllers/ajax.py: 0
[2013-01-05 20:47:58] EDIT AfspraakAssistent/views/default/index.html: 0
[2013-01-05 20:49:11] EDIT AfspraakAssistent/views/ajax/openafspraaktijden.html: -5
[2013-01-06 10:17:01] EDIT AfspraakAssistent/views/ajax/openafspraaktijden.html: 8
[2013-01-06 10:17:43] EDIT AfspraakAssistent/views/ajax/openafspraaktijden.html: 0
[2013-01-06 10:17:45] EDIT AfspraakAssistent/views/ajax/openafspraaktijden.html: 0
[2013-01-06 10:17:45] EDIT AfspraakAssistent/views/ajax/openafspraaktijden.html: 0
[2013-01-06 10:17:46] EDIT AfspraakAssistent/views/ajax/openafspraaktijden.html: 0
[2013-01-06 10:25:56] EDIT AfspraakAssistent/controllers/ajax.py: 5
[2013-01-06 10:25:58] EDIT AfspraakAssistent/controllers/ajax.py: 0
[2013-01-06 10:28:30] EDIT AfspraakAssistent/views/ajax/openafspraaktijden.html: 5
[2013-01-06 10:28:47] EDIT AfspraakAssistent/views/ajax/openafspraaktijden.html: 0
[2013-01-06 10:29:18] EDIT AfspraakAssistent/views/ajax/openafspraaktijden.html: -5
[2013-01-06 10:30:21] EDIT AfspraakAssistent/controllers/ajax.py: 1
[2013-01-06 10:30:33] EDIT AfspraakAssistent/controllers/ajax.py: 0
[2013-01-06 10:31:08] EDIT AfspraakAssistent/controllers/ajax.py: 1
[2013-01-06 10:31:24] EDIT AfspraakAssistent/controllers/ajax.py: 1
[2013-01-06 10:31:48] EDIT AfspraakAssistent/controllers/ajax.py: 0
[2013-01-06 10:32:01] EDIT AfspraakAssistent/controllers/ajax.py: -1
[2013-01-06 10:32:21] EDIT AfspraakAssistent/controllers/ajax.py: -1
[2013-01-06 10:32:40] EDIT AfspraakAssistent/controllers/ajax.py: 1
[2013-01-06 10:32:55] EDIT AfspraakAssistent/controllers/ajax.py: 0
[2013-01-06 10:32:58] EDIT AfspraakAssistent/controllers/ajax.py: 0
[2013-01-06 10:33:13] EDIT AfspraakAssistent/controllers/ajax.py: 0
[2013-01-06 10:33:14] EDIT AfspraakAssistent/controllers/ajax.py: 0
[2013-01-06 10:34:46] EDIT AfspraakAssistent/controllers/ajax.py: 0
[2013-01-06 10:34:52] EDIT AfspraakAssistent/controllers/ajax.py: 0
[2013-01-06 10:35:11] EDIT AfspraakAssistent/controllers/ajax.py: 0
[2013-01-06 10:35:28] EDIT AfspraakAssistent/controllers/ajax.py: 0
[2013-01-06 10:35:44] EDIT AfspraakAssistent/controllers/ajax.py: 0
[2013-01-06 10:36:02] EDIT AfspraakAssistent/controllers/ajax.py: 0
[2013-01-06 10:36:15] EDIT AfspraakAssistent/controllers/ajax.py: 0
[2013-01-06 10:36:31] EDIT AfspraakAssistent/controllers/ajax.py: 0
[2013-01-06 10:36:48] EDIT AfspraakAssistent/controllers/ajax.py: 0
[2013-01-06 10:37:02] EDIT AfspraakAssistent/controllers/ajax.py: -1
[2013-01-06 10:37:30] EDIT AfspraakAssistent/views/ajax/openafspraaktijden.html: 5
[2013-01-06 10:37:48] EDIT AfspraakAssistent/views/ajax/openafspraaktijden.html: 0
[2013-01-06 10:37:59] EDIT AfspraakAssistent/views/ajax/openafspraaktijden.html: -5
[2013-01-06 10:38:10] EDIT AfspraakAssistent/views/ajax/openafspraaktijden.html: 5
[2013-01-06 10:38:37] EDIT AfspraakAssistent/controllers/ajax.py: 0
[2013-01-06 10:39:03] EDIT AfspraakAssistent/views/ajax/openafspraaktijden.html: 0
[2013-01-06 10:39:19] EDIT AfspraakAssistent/views/ajax/openafspraaktijden.html: 0
[2013-01-06 10:39:57] EDIT AfspraakAssistent/views/ajax/openafspraaktijden.html: 0
[2013-01-06 10:40:16] EDIT AfspraakAssistent/views/ajax/openafspraaktijden.html: 0
[2013-01-06 11:30:19] EDIT AfspraakAssistent/controllers/ajax.py: 0
[2013-01-06 11:30:28] EDIT AfspraakAssistent/controllers/ajax.py: 0
[2013-01-06 11:31:14] EDIT AfspraakAssistent/controllers/ajax.py: 0
[2013-01-06 11:35:39] EDIT AfspraakAssistent/controllers/ajax.py: 5
[2013-01-06 11:35:58] EDIT AfspraakAssistent/controllers/ajax.py: 0
[2013-01-06 11:36:38] EDIT AfspraakAssistent/controllers/ajax.py: 0
[2013-01-06 11:37:07] EDIT AfspraakAssistent/controllers/ajax.py: 1
[2013-01-06 11:37:27] EDIT AfspraakAssistent/controllers/ajax.py: 0
[2013-01-06 11:38:18] EDIT AfspraakAssistent/controllers/ajax.py: 0
[2013-01-06 11:38:20] EDIT AfspraakAssistent/controllers/ajax.py: 0
[2013-01-06 11:38:27] EDIT AfspraakAssistent/controllers/ajax.py: 0
[2013-01-06 11:38:28] EDIT AfspraakAssistent/controllers/ajax.py: 0
[2013-01-06 11:38:28] EDIT AfspraakAssistent/controllers/ajax.py: 0
[2013-01-06 11:38:28] EDIT AfspraakAssistent/controllers/ajax.py: 0
[2013-01-06 11:38:46] EDIT AfspraakAssistent/controllers/ajax.py: 0
[2013-01-06 11:39:16] EDIT AfspraakAssistent/controllers/ajax.py: 0
[2013-01-06 11:39:36] EDIT AfspraakAssistent/controllers/ajax.py: 0
[2013-01-06 11:40:26] EDIT AfspraakAssistent/controllers/ajax.py: -1
[2013-01-06 11:40:49] EDIT AfspraakAssistent/controllers/ajax.py: 1
[2013-01-06 11:41:29] EDIT AfspraakAssistent/controllers/ajax.py: 0
[2013-01-06 11:41:54] EDIT AfspraakAssistent/controllers/ajax.py: 0
[2013-01-06 11:42:19] EDIT AfspraakAssistent/controllers/ajax.py: 0
[2013-01-06 11:43:47] EDIT AfspraakAssistent/controllers/ajax.py: 0
[2013-01-06 11:43:58] EDIT AfspraakAssistent/controllers/ajax.py: 0
[2013-01-06 11:44:14] EDIT AfspraakAssistent/controllers/ajax.py: 0
[2013-01-06 11:44:39] EDIT AfspraakAssistent/controllers/ajax.py: -1
[2013-01-06 11:45:45] EDIT AfspraakAssistent/controllers/ajax.py: 0
[2013-01-06 11:46:07] EDIT AfspraakAssistent/controllers/ajax.py: 0
[2013-01-06 11:46:21] EDIT AfspraakAssistent/controllers/ajax.py: 0
[2013-01-06 11:49:01] EDIT AfspraakAssistent/controllers/ajax.py: 0
[2013-01-06 11:49:12] EDIT AfspraakAssistent/controllers/ajax.py: 0
[2013-01-06 11:50:36] EDIT AfspraakAssistent/controllers/ajax.py: 0
[2013-01-06 11:50:38] EDIT AfspraakAssistent/controllers/ajax.py: 0
[2013-01-06 11:51:10] EDIT AfspraakAssistent/controllers/ajax.py: 0
[2013-01-06 11:51:38] EDIT AfspraakAssistent/controllers/ajax.py: -1
[2013-01-06 12:09:28] EDIT AfspraakAssistent/controllers/ajax.py: 0
[2013-01-06 12:09:51] EDIT AfspraakAssistent/views/ajax/openafspraaktijden.html: 0
[2013-01-06 12:10:11] EDIT AfspraakAssistent/views/ajax/openafspraaktijden.html: 0
[2013-01-06 12:10:35] EDIT AfspraakAssistent/views/ajax/openafspraaktijden.html: 0
[2013-01-06 12:11:01] EDIT AfspraakAssistent/views/ajax/openafspraaktijden.html: 0
[2013-01-06 12:11:15] EDIT AfspraakAssistent/views/ajax/openafspraaktijden.html: 0
[2013-01-06 12:12:24] EDIT AfspraakAssistent/views/ajax/openafspraaktijden.html: 0
[2013-01-06 12:12:44] EDIT AfspraakAssistent/controllers/ajax.py: 0
[2013-01-06 12:13:15] EDIT AfspraakAssistent/views/ajax/openafspraaktijden.html: 0
[2013-01-06 12:14:21] EDIT AfspraakAssistent/views/ajax/openafspraaktijden.html: 0
[2013-01-06 12:14:40] EDIT AfspraakAssistent/controllers/ajax.py: 0
[2013-01-06 12:15:09] EDIT AfspraakAssistent/views/ajax/openafspraaktijden.html: 0
[2013-01-06 12:15:27] EDIT AfspraakAssistent/views/ajax/openafspraaktijden.html: 0
[2013-01-06 12:15:51] EDIT AfspraakAssistent/controllers/ajax.py: 0
[2013-01-06 12:15:53] EDIT AfspraakAssistent/views/ajax/openafspraaktijden.html: 0
[2013-01-06 12:15:57] EDIT AfspraakAssistent/views/ajax/openafspraaktijden.html: 0
[2013-01-06 12:15:58] EDIT AfspraakAssistent/controllers/ajax.py: 0
[2013-01-06 12:16:38] EDIT AfspraakAssistent/controllers/ajax.py: 0
[2013-01-06 12:19:12] EDIT AfspraakAssistent/controllers/ajax.py: 0
[2013-01-06 12:19:33] EDIT AfspraakAssistent/controllers/ajax.py: 0
[2013-01-06 12:20:08] EDIT AfspraakAssistent/controllers/ajax.py: 0
[2013-01-06 12:20:23] EDIT AfspraakAssistent/controllers/ajax.py: 0
[2013-01-06 12:20:35] EDIT AfspraakAssistent/views/ajax/openafspraaktijden.html: 0
[2013-01-06 12:21:11] EDIT AfspraakAssistent/views/ajax/openafspraaktijden.html: 0
[2013-01-06 12:21:53] EDIT AfspraakAssistent/views/ajax/openafspraaktijden.html: 0
[2013-01-06 12:21:55] EDIT AfspraakAssistent/views/ajax/openafspraaktijden.html: 0
[2013-01-06 12:21:55] EDIT AfspraakAssistent/views/ajax/openafspraaktijden.html: 0
[2013-01-06 12:21:55] EDIT AfspraakAssistent/views/ajax/openafspraaktijden.html: 0
[2013-01-06 12:22:46] EDIT AfspraakAssistent/controllers/ajax.py: 0
[2013-01-06 12:23:20] EDIT AfspraakAssistent/views/ajax/openafspraaktijden.html: 0
[2013-01-06 12:23:45] EDIT AfspraakAssistent/controllers/ajax.py: 0
[2013-01-06 12:23:57] EDIT AfspraakAssistent/views/ajax/openafspraaktijden.html: 0
[2013-01-06 12:25:02] EDIT AfspraakAssistent/views/ajax/openafspraaktijden.html: 3
[2013-01-06 12:25:32] EDIT AfspraakAssistent/views/ajax/openafspraaktijden.html: 0
[2013-01-06 12:26:02] EDIT AfspraakAssistent/views/ajax/openafspraaktijden.html: 0
[2013-01-06 12:30:23] EDIT AfspraakAssistent/views/ajax/openafspraaktijden.html: 0
[2013-01-06 12:32:21] EDIT AfspraakAssistent/views/ajax/openafspraaktijden.html: 0
[2013-01-06 12:33:19] EDIT AfspraakAssistent/views/ajax/openafspraaktijden.html: -18
[2013-01-06 12:35:40] EDIT AfspraakAssistent/views/ajax/openafspraaktijden.html: 0
[2013-01-06 12:35:51] EDIT AfspraakAssistent/views/ajax/openafspraaktijden.html: 0
[2013-01-06 12:38:49] EDIT AfspraakAssistent/views/ajax/openafspraaktijden.html: 0
[2013-01-06 12:39:27] EDIT AfspraakAssistent/views/ajax/openafspraaktijden.html: 0
[2013-01-06 12:39:56] EDIT AfspraakAssistent/views/ajax/openafspraaktijden.html: 0
[2013-01-06 12:41:18] EDIT AfspraakAssistent/controllers/ajax.py: 0
[2013-01-06 12:41:28] EDIT AfspraakAssistent/controllers/ajax.py: 0
[2013-01-06 12:41:58] EDIT AfspraakAssistent/controllers/ajax.py: 0
[2013-01-10 19:12:28] EDIT AfspraakAssistent/views/default/index.html: 1
[2013-01-10 19:13:04] EDIT AfspraakAssistent/views/default/index.html: -2
[2013-01-10 19:14:53] EDIT AfspraakAssistent/views/default/index.html: 2
[2013-01-10 19:15:52] EDIT AfspraakAssistent/views/default/index.html: 4
[2013-01-10 19:17:53] EDIT AfspraakAssistent/views/default/index.html: 0
[2013-01-10 19:18:19] EDIT AfspraakAssistent/views/layout.html: -7
[2013-01-10 19:20:12] EDIT AfspraakAssistent/views/layout.html: 7
[2013-01-10 19:20:57] EDIT AfspraakAssistent/views/layout.html: -14
[2013-01-10 19:24:50] EDIT AfspraakAssistent/models/menu.py: 0
[2013-01-10 19:25:16] EDIT AfspraakAssistent/models/menu.py: 0
[2013-01-10 19:27:39] EDIT AfspraakAssistent/views/ajax/loadafspraaktype.html: -1
[2013-01-10 19:30:05] EDIT AfspraakAssistent/views/default/index.html: -12
[2013-01-10 19:33:22] EDIT AfspraakAssistent/controllers/ajax.py: -2
[2013-01-10 19:33:23] EDIT AfspraakAssistent/controllers/ajax.py: 0
[2013-01-10 19:33:24] EDIT AfspraakAssistent/controllers/ajax.py: 0
[2013-01-10 19:35:02] EDIT AfspraakAssistent/views/default/index.html: 5
[2013-01-10 19:35:04] EDIT AfspraakAssistent/views/default/index.html: 0
[2013-01-10 19:35:49] EDIT AfspraakAssistent/controllers/ajax.py: 0
[2013-01-10 19:36:11] CREATE ajax/loadtijden.html: 0
[2013-01-10 19:36:34] EDIT AfspraakAssistent/views/ajax/loadtijden.html: 5
[2013-01-10 20:00:39] EDIT AfspraakAssistent/models/db.py: 0
[2013-01-10 20:02:52] EDIT AfspraakAssistent/controllers/ajax.py: 0
[2013-01-10 20:03:57] EDIT AfspraakAssistent/controllers/ajax.py: 1
[2013-01-10 20:04:05] EDIT AfspraakAssistent/controllers/ajax.py: 0
[2013-01-10 20:05:28] EDIT AfspraakAssistent/views/default/index.html: 0
[2013-01-10 20:08:33] EDIT AfspraakAssistent/controllers/ajax.py: 2
[2013-01-10 20:08:34] EDIT AfspraakAssistent/controllers/ajax.py: 0
[2013-01-10 20:08:35] EDIT AfspraakAssistent/controllers/ajax.py: 0
[2013-01-10 20:10:23] EDIT AfspraakAssistent/views/ajax/loadtijden.html: 3
[2013-01-10 20:10:40] EDIT AfspraakAssistent/views/ajax/loadtijden.html: 0
[2013-01-10 20:14:26] EDIT AfspraakAssistent/controllers/ajax.py: 1
[2013-01-10 20:23:17] EDIT AfspraakAssistent/views/ajax/loadtijden.html: 0
[2013-01-10 20:24:12] EDIT AfspraakAssistent/views/default/index.html: 4
[2013-01-10 20:24:28] EDIT AfspraakAssistent/views/ajax/loadtijden.html: 0
[2013-01-10 20:25:23] EDIT AfspraakAssistent/views/ajax/loadtijden.html: 0
[2013-01-10 20:26:33] EDIT AfspraakAssistent/controllers/ajax.py: 0
[2013-01-10 20:26:53] EDIT AfspraakAssistent/controllers/ajax.py: 0
[2013-01-10 20:34:00] EDIT AfspraakAssistent/views/ajax/loadtijden.html: 0
[2013-01-10 20:34:03] EDIT AfspraakAssistent/views/ajax/loadtijden.html: 0
[2013-01-10 20:34:39] EDIT AfspraakAssistent/views/default/index.html: 0
[2013-01-10 20:35:05] EDIT AfspraakAssistent/views/default/index.html: 0
[2013-01-10 20:35:41] EDIT AfspraakAssistent/views/ajax/loadtijden.html: 0
[2013-01-10 20:35:44] EDIT AfspraakAssistent/views/ajax/loadtijden.html: 0
[2013-01-10 20:36:08] EDIT AfspraakAssistent/views/ajax/loadtijden.html: 0
[2013-01-10 20:36:33] EDIT AfspraakAssistent/views/default/index.html: 0
[2013-01-10 20:37:18] EDIT AfspraakAssistent/views/ajax/loadtijden.html: 0
[2013-01-10 20:38:12] EDIT AfspraakAssistent/views/ajax/loadtijden.html: 0
[2013-01-10 20:41:08] EDIT AfspraakAssistent/views/ajax/loadtijden.html: 0
[2013-01-10 20:42:13] EDIT AfspraakAssistent/views/ajax/loadtijden.html: 0
[2013-01-10 20:45:03] EDIT AfspraakAssistent/views/ajax/loadtijden.html: 0
[2013-01-10 20:45:19] EDIT AfspraakAssistent/views/default/index.html: 0
[2013-01-10 20:45:47] EDIT AfspraakAssistent/views/default/index.html: 0
[2013-01-10 20:46:07] EDIT AfspraakAssistent/views/default/index.html: 0
[2013-01-10 20:46:32] EDIT AfspraakAssistent/views/default/index.html: 0
[2013-01-10 20:46:50] EDIT AfspraakAssistent/views/default/index.html: 0
[2013-01-10 20:48:51] EDIT AfspraakAssistent/views/ajax/loadtijden.html: 0
[2013-01-10 20:51:02] EDIT AfspraakAssistent/views/ajax/loadtijden.html: 0
[2013-01-10 20:51:03] EDIT AfspraakAssistent/views/ajax/loadtijden.html: 0
[2013-01-10 20:51:29] EDIT AfspraakAssistent/views/default/index.html: 0
[2013-01-10 20:52:07] EDIT AfspraakAssistent/views/default/index.html: 0
[2013-01-10 20:54:44] EDIT AfspraakAssistent/views/default/index.html: 2
[2013-01-10 20:55:42] EDIT AfspraakAssistent/views/default/index.html: 4
[2013-01-10 20:56:02] EDIT AfspraakAssistent/views/default/index.html: 0
[2013-01-10 20:57:59] EDIT AfspraakAssistent/views/default/index.html: 0
[2013-01-10 21:00:22] EDIT AfspraakAssistent/views/default/index.html: 0
[2013-01-10 21:01:31] EDIT AfspraakAssistent/views/default/index.html: 0
[2013-01-19 11:50:14] EDIT AfspraakAssistent/controllers/ajax.py: 1
[2013-01-19 11:50:30] EDIT AfspraakAssistent/controllers/ajax.py: 1
[2013-01-19 11:51:27] EDIT AfspraakAssistent/controllers/ajax.py: 0
[2013-01-19 11:51:49] EDIT AfspraakAssistent/controllers/ajax.py: 0
[2013-01-19 11:52:22] EDIT AfspraakAssistent/controllers/ajax.py: 0
[2013-01-19 11:53:05] EDIT AfspraakAssistent/controllers/ajax.py: 0
[2013-01-19 11:53:15] EDIT AfspraakAssistent/controllers/ajax.py: 0
[2013-01-19 11:57:12] EDIT AfspraakAssistent/views/default/index.html: 0
[2013-01-19 11:57:26] EDIT AfspraakAssistent/views/default/index.html: 0
[2013-01-19 11:58:54] EDIT AfspraakAssistent/views/ajax/loadtijden.html: 0
[2013-01-19 12:01:55] EDIT AfspraakAssistent/views/ajax/loadtijden.html: 0
[2013-01-19 12:03:56] EDIT AfspraakAssistent/views/default/index.html: 3
[2013-01-19 12:04:57] EDIT AfspraakAssistent/views/default/index.html: -3
[2013-01-19 12:27:40] EDIT AfspraakAssistent/views/default/index.html: 0
[2013-01-19 12:27:41] EDIT AfspraakAssistent/views/default/index.html: 0
[2013-01-19 12:27:42] EDIT AfspraakAssistent/views/default/index.html: 0
[2013-01-19 12:39:19] EDIT AfspraakAssistent/controllers/ajax.py: 10
[2013-01-19 12:39:40] EDIT AfspraakAssistent/views/default/index.html: 0
[2013-01-19 12:40:09] EDIT AfspraakAssistent/controllers/ajax.py: 2
[2013-01-19 12:40:47] EDIT AfspraakAssistent/controllers/ajax.py: 1
[2013-01-19 12:41:58] EDIT AfspraakAssistent/controllers/ajax.py: 2
[2013-01-19 12:42:17] EDIT AfspraakAssistent/controllers/ajax.py: 0
[2013-01-19 12:42:30] EDIT AfspraakAssistent/controllers/ajax.py: 0
[2013-01-19 12:42:57] EDIT AfspraakAssistent/controllers/ajax.py: -1
[2013-01-19 12:43:32] EDIT AfspraakAssistent/controllers/ajax.py: -3
[2013-01-19 12:44:37] EDIT AfspraakAssistent/controllers/ajax.py: 0
[2013-01-19 12:50:51] EDIT AfspraakAssistent/controllers/ajax.py: 2
[2013-01-19 12:51:18] EDIT AfspraakAssistent/controllers/ajax.py: 0
[2013-01-19 12:51:49] EDIT AfspraakAssistent/controllers/ajax.py: 1
[2013-01-19 12:52:25] EDIT AfspraakAssistent/models/db.py: 0
[2013-01-19 12:52:35] EDIT AfspraakAssistent/controllers/ajax.py: -1
[2013-01-19 12:53:06] EDIT AfspraakAssistent/controllers/ajax.py: 0
[2013-01-19 12:53:30] EDIT AfspraakAssistent/controllers/ajax.py: 0
[2013-01-19 12:54:41] EDIT AfspraakAssistent/controllers/ajax.py: 0
[2013-01-19 12:55:05] EDIT AfspraakAssistent/controllers/ajax.py: 0
[2013-01-19 12:55:58] EDIT AfspraakAssistent/controllers/ajax.py: 0
[2013-01-19 13:12:43] EDIT AfspraakAssistent/controllers/ajax.py: 2
[2013-01-19 13:15:57] EDIT AfspraakAssistent/controllers/ajax.py: 1
[2013-01-19 13:16:24] EDIT AfspraakAssistent/controllers/ajax.py: 3
[2013-01-19 13:16:48] EDIT AfspraakAssistent/controllers/ajax.py: -3
[2013-01-19 13:16:48] EDIT AfspraakAssistent/controllers/ajax.py: 0
[2013-01-19 13:17:41] EDIT AfspraakAssistent/controllers/ajax.py: 3
[2013-01-19 13:18:16] EDIT AfspraakAssistent/controllers/ajax.py: 2
[2013-01-19 13:21:02] EDIT AfspraakAssistent/controllers/ajax.py: -2
[2013-01-19 13:21:59] EDIT AfspraakAssistent/controllers/ajax.py: 0
[2013-01-19 13:22:08] EDIT AfspraakAssistent/controllers/ajax.py: -1
[2013-01-19 13:22:45] EDIT AfspraakAssistent/controllers/ajax.py: 1
[2013-01-19 13:22:49] EDIT AfspraakAssistent/controllers/ajax.py: 0
[2013-01-19 13:23:02] EDIT AfspraakAssistent/controllers/ajax.py: 0
[2013-01-19 13:23:04] EDIT AfspraakAssistent/controllers/ajax.py: 0
[2013-01-19 13:23:20] EDIT AfspraakAssistent/controllers/ajax.py: -3
[2013-01-19 13:23:28] EDIT AfspraakAssistent/controllers/ajax.py: 1
[2013-01-19 13:23:37] EDIT AfspraakAssistent/controllers/ajax.py: 0
[2013-01-19 13:23:44] EDIT AfspraakAssistent/controllers/ajax.py: 2
[2013-01-19 13:23:45] EDIT AfspraakAssistent/controllers/ajax.py: 0
[2013-01-19 13:26:41] EDIT AfspraakAssistent/controllers/ajax.py: 4
[2013-01-19 13:27:09] EDIT AfspraakAssistent/controllers/ajax.py: -4
[2013-01-19 13:28:32] EDIT AfspraakAssistent/controllers/ajax.py: 4
[2013-01-19 13:29:13] EDIT AfspraakAssistent/controllers/ajax.py: 0
[2013-01-19 13:33:47] EDIT AfspraakAssistent/controllers/ajax.py: 0
[2013-01-19 13:34:09] EDIT AfspraakAssistent/views/default/index.html: 0
[2013-01-19 13:57:11] EDIT AfspraakAssistent/controllers/ajax.py: 2
[2013-01-19 13:57:46] EDIT AfspraakAssistent/views/ajax/loadtijden.html: 0
[2013-01-19 13:58:13] EDIT AfspraakAssistent/views/ajax/loadtijden.html: 0
[2013-01-19 13:58:40] EDIT AfspraakAssistent/controllers/ajax.py: 2
[2013-01-19 13:59:27] EDIT AfspraakAssistent/controllers/ajax.py: 0
[2013-01-19 13:59:50] EDIT AfspraakAssistent/views/ajax/loadtijden.html: 0
[2013-01-19 14:00:50] EDIT AfspraakAssistent/controllers/ajax.py: -2
[2013-01-19 14:08:06] EDIT AfspraakAssistent/controllers/ajax.py: 3
[2013-01-19 14:09:15] EDIT AfspraakAssistent/controllers/ajax.py: 1
[2013-01-19 14:10:01] EDIT AfspraakAssistent/controllers/ajax.py: 0
[2013-01-19 14:11:16] EDIT AfspraakAssistent/controllers/ajax.py: 1
[2013-01-19 14:12:11] EDIT AfspraakAssistent/controllers/ajax.py: 0
[2013-01-19 14:12:23] EDIT AfspraakAssistent/controllers/ajax.py: 0
[2013-01-19 14:12:51] EDIT AfspraakAssistent/controllers/ajax.py: 0
[2013-01-19 14:13:07] EDIT AfspraakAssistent/controllers/ajax.py: -2
[2013-01-19 14:13:26] EDIT AfspraakAssistent/controllers/ajax.py: 0
[2013-01-19 14:13:59] EDIT AfspraakAssistent/controllers/ajax.py: 0
[2013-01-19 14:16:47] EDIT AfspraakAssistent/controllers/ajax.py: 0
[2013-01-19 14:17:14] EDIT AfspraakAssistent/controllers/ajax.py: 1
[2013-01-19 14:17:29] EDIT AfspraakAssistent/controllers/ajax.py: 0
[2013-01-19 14:20:16] EDIT AfspraakAssistent/views/ajax/loadtijden.html: 0
[2013-01-19 14:20:58] EDIT AfspraakAssistent/views/ajax/loadtijden.html: 0
[2013-01-19 14:26:55] EDIT AfspraakAssistent/views/ajax/loadtijden.html: 0
[2013-01-19 14:27:54] EDIT AfspraakAssistent/views/ajax/loadtijden.html: 0
[2013-01-19 14:28:12] EDIT AfspraakAssistent/views/default/index.html: 0
[2013-01-19 15:37:52] EDIT AfspraakAssistent/views/default/index.html: 1
[2013-01-19 15:38:06] EDIT AfspraakAssistent/views/default/index.html: 0
[2013-01-19 15:38:16] EDIT AfspraakAssistent/views/default/index.html: 0
[2013-01-19 15:39:03] EDIT AfspraakAssistent/views/default/index.html: 4
[2013-01-19 15:39:04] EDIT AfspraakAssistent/views/default/index.html: 0
[2013-01-19 15:39:05] EDIT AfspraakAssistent/views/default/index.html: 0
[2013-01-19 15:41:39] EDIT AfspraakAssistent/controllers/default.py: -1
[2013-01-19 15:42:17] EDIT AfspraakAssistent/controllers/default.py: 1
[2013-01-19 15:42:18] EDIT AfspraakAssistent/controllers/default.py: 0
[2013-01-19 15:42:19] EDIT AfspraakAssistent/controllers/default.py: 0
[2013-01-19 15:50:37] EDIT AfspraakAssistent/models/db.py: 1
[2013-01-19 15:52:30] EDIT AfspraakAssistent/models/db.py: 0
[2013-01-19 15:52:59] EDIT AfspraakAssistent/models/db.py: 0
[2013-01-19 15:53:18] EDIT AfspraakAssistent/models/db.py: 0
[2013-01-19 15:54:01] EDIT AfspraakAssistent/models/db.py: 0
[2013-01-19 15:59:33] EDIT AfspraakAssistent/models/db.py: 0
[2013-01-19 16:01:41] EDIT AfspraakAssistent/models/db.py: 0
[2013-01-19 16:03:12] EDIT AfspraakAssistent/models/db.py: 0
[2013-01-19 16:09:07] EDIT AfspraakAssistent/models/db.py: 0
[2013-01-19 16:10:03] EDIT AfspraakAssistent/models/db.py: 0
[2013-01-19 16:11:38] EDIT AfspraakAssistent/models/db.py: 0
[2013-01-19 16:24:36] EDIT AfspraakAssistent/controllers/default.py: 0
[2013-01-19 16:27:48] EDIT AfspraakAssistent/views/default/index.html: 1
[2013-01-19 16:29:16] EDIT AfspraakAssistent/views/default/index.html: 0
[2013-01-19 16:29:25] EDIT AfspraakAssistent/views/default/index.html: 0
[2013-01-19 16:30:25] EDIT AfspraakAssistent/views/default/index.html: 1
[2013-01-19 16:34:03] EDIT AfspraakAssistent/views/default/index.html: 1
[2013-01-19 16:47:17] EDIT AfspraakAssistent/controllers/default.py: 3
[2013-01-19 16:47:18] EDIT AfspraakAssistent/controllers/default.py: 0
[2013-01-19 16:47:56] CREATE default/usersite.html: 0
[2013-01-19 16:48:53] EDIT AfspraakAssistent/views/default/usersite.html: 0
[2013-01-19 16:48:59] EDIT AfspraakAssistent/views/default/usersite.html: 0
[2013-01-19 17:03:12] EDIT AfspraakAssistent/views/default/usersite.html: 0
[2013-01-19 17:05:55] EDIT AfspraakAssistent/views/default/usersite.html: 0
[2013-01-19 17:06:15] EDIT AfspraakAssistent/views/default/usersite.html: -1
[2013-01-19 17:09:12] CREATE layoutusersite.html: 0
[2013-01-19 17:09:33] EDIT AfspraakAssistent/views/layoutusersite.html: 130
[2013-01-19 17:09:53] EDIT AfspraakAssistent/views/default/usersite.html: 0
[2013-01-19 17:11:01] EDIT AfspraakAssistent/views/layoutusersite.html: -3
[2013-01-19 17:12:16] EDIT AfspraakAssistent/views/layoutusersite.html: -1
[2013-01-19 17:13:19] EDIT AfspraakAssistent/views/layoutusersite.html: 4
[2013-01-19 17:13:50] EDIT AfspraakAssistent/views/layoutusersite.html: 0
[2013-01-19 17:14:58] EDIT AfspraakAssistent/views/layoutusersite.html: 0
[2013-01-19 17:15:29] EDIT AfspraakAssistent/views/layoutusersite.html: 0
[2013-01-19 17:16:13] EDIT AfspraakAssistent/views/layoutusersite.html: -1
[2013-01-19 17:17:06] EDIT AfspraakAssistent/views/layoutusersite.html: -10
[2013-01-19 17:17:38] EDIT AfspraakAssistent/views/layoutusersite.html: 8
[2013-01-19 17:18:46] EDIT AfspraakAssistent/views/layoutusersite.html: -3
[2013-01-22 20:32:10] EDIT AfspraakAssistent/views/default/index.html: 0
[2013-01-22 20:32:57] EDIT AfspraakAssistent/views/default/index.html: 0
[2013-01-22 20:34:29] EDIT AfspraakAssistent/views/default/index.html: 0
[2013-01-22 20:35:27] EDIT AfspraakAssistent/views/default/index.html: 0
[2013-01-22 20:35:50] EDIT AfspraakAssistent/views/default/index.html: 0
[2013-01-22 20:36:28] EDIT AfspraakAssistent/views/default/index.html: 0
[2013-01-22 20:39:35] EDIT AfspraakAssistent/views/layoutusersite.html: 0
[2013-01-22 20:41:02] EDIT AfspraakAssistent/views/layoutusersite.html: -1
[2013-01-22 20:42:05] EDIT AfspraakAssistent/views/layoutusersite.html: 0
[2013-01-22 20:42:52] EDIT AfspraakAssistent/views/layoutusersite.html: -6
[2013-01-22 20:44:44] EDIT AfspraakAssistent/views/layoutusersite.html: 0
[2013-01-22 20:45:06] EDIT AfspraakAssistent/views/layoutusersite.html: 0
[2013-01-22 20:45:16] EDIT AfspraakAssistent/views/layoutusersite.html: 0
[2013-01-22 20:45:51] EDIT AfspraakAssistent/views/layoutusersite.html: 0
[2013-01-22 20:45:52] EDIT AfspraakAssistent/views/layoutusersite.html: 0
[2013-01-22 20:46:14] EDIT AfspraakAssistent/views/default/index.html: 0
[2013-01-22 20:47:31] EDIT AfspraakAssistent/views/layoutusersite.html: -2
[2013-01-22 20:48:10] EDIT AfspraakAssistent/views/default/index.html: 0
[2013-01-22 20:49:21] EDIT AfspraakAssistent/views/default/index.html: 0
[2013-01-22 20:54:36] EDIT AfspraakAssistent/views/layoutusersite.html: 0
[2013-01-22 20:55:10] EDIT AfspraakAssistent/views/layoutusersite.html: 0
[2013-01-22 20:55:25] EDIT AfspraakAssistent/views/layoutusersite.html: 0
[2013-01-22 21:03:04] EDIT AfspraakAssistent/controllers/default.py: 1
[2013-01-22 21:03:27] EDIT AfspraakAssistent/controllers/default.py: 0
[2013-01-22 21:04:29] EDIT AfspraakAssistent/views/default/usersite.html: 3
[2013-01-22 21:05:30] EDIT AfspraakAssistent/views/default/usersite.html: 0
[2013-01-22 21:07:02] EDIT AfspraakAssistent/controllers/default.py: 0
[2013-01-22 21:07:31] EDIT AfspraakAssistent/controllers/default.py: 1
[2013-01-22 21:09:57] EDIT AfspraakAssistent/controllers/default.py: 0
[2013-01-22 21:09:58] EDIT AfspraakAssistent/controllers/default.py: 0
[2013-01-22 21:09:58] EDIT AfspraakAssistent/controllers/default.py: 0
[2013-01-22 21:09:58] EDIT AfspraakAssistent/controllers/default.py: 0
[2013-01-22 21:10:01] EDIT AfspraakAssistent/controllers/default.py: 0
[2013-01-22 21:11:55] EDIT AfspraakAssistent/controllers/default.py: 0
[2013-01-22 21:15:22] EDIT AfspraakAssistent/controllers/default.py: 6
[2013-01-22 21:17:51] EDIT AfspraakAssistent/controllers/default.py: 2
[2013-01-22 21:18:02] EDIT AfspraakAssistent/controllers/default.py: 0
[2013-01-22 21:18:34] EDIT AfspraakAssistent/controllers/default.py: 0
[2013-01-22 21:21:46] EDIT AfspraakAssistent/controllers/default.py: 4
[2013-01-22 21:23:05] EDIT AfspraakAssistent/controllers/default.py: 0
[2013-01-22 21:24:07] EDIT AfspraakAssistent/views/default/usersite.html: 3
[2013-01-22 21:24:39] EDIT AfspraakAssistent/views/default/usersite.html: 0
[2013-01-22 21:25:57] EDIT AfspraakAssistent/views/default/usersite.html: 0
[2013-01-22 21:29:36] EDIT AfspraakAssistent/views/default/usersite.html: 6
[2013-01-22 21:30:55] EDIT AfspraakAssistent/views/default/usersite.html: 0
[2013-01-22 21:32:36] EDIT AfspraakAssistent/views/default/usersite.html: 0
[2013-01-22 21:33:26] EDIT AfspraakAssistent/views/default/usersite.html: 0
[2013-01-22 21:33:31] EDIT AfspraakAssistent/views/default/usersite.html: -3
[2013-01-22 21:33:56] EDIT AfspraakAssistent/views/default/usersite.html: 0
[2013-01-22 21:37:02] EDIT AfspraakAssistent/views/default/usersite.html: 2
[2013-01-22 21:37:36] EDIT AfspraakAssistent/views/default/usersite.html: 0
[2013-01-22 21:38:13] EDIT AfspraakAssistent/views/default/usersite.html: 0
[2013-01-22 21:38:41] EDIT AfspraakAssistent/views/default/usersite.html: 0
[2013-01-22 21:39:13] EDIT AfspraakAssistent/views/default/usersite.html: 0
[2013-01-22 22:35:09] EDIT AfspraakAssistent/views/layoutusersite.html: -5
[2013-01-22 22:36:50] EDIT AfspraakAssistent/views/default/index.html: 6
[2013-01-22 22:37:51] EDIT AfspraakAssistent/views/default/index.html: 4
[2013-01-22 22:38:23] EDIT AfspraakAssistent/views/default/index.html: 2
[2013-01-22 22:38:30] EDIT AfspraakAssistent/views/default/index.html: -1
[2013-01-22 22:38:38] EDIT AfspraakAssistent/views/default/index.html: 0
[2013-01-22 22:38:44] EDIT AfspraakAssistent/views/default/index.html: -1
[2013-01-22 22:38:52] EDIT AfspraakAssistent/views/default/index.html: -4
[2013-01-22 22:39:55] EDIT AfspraakAssistent/views/default/index.html: -6
[2013-01-22 22:44:22] EDIT AfspraakAssistent/views/ajax/loadafspraaktype.html: 0
[2013-01-22 22:45:44] EDIT AfspraakAssistent/controllers/ajax.py: 0
[2013-01-22 22:46:17] EDIT AfspraakAssistent/views/ajax/loadafspraaktype.html: 0
[2013-01-22 23:00:10] EDIT AfspraakAssistent/models/db.py: 10
[2013-01-22 23:01:35] EDIT AfspraakAssistent/models/db.py: 0
[2013-01-22 23:03:52] EDIT AfspraakAssistent/models/db.py: 0
[2013-01-22 23:04:13] EDIT AfspraakAssistent/models/db.py: 0
[2013-01-22 23:08:47] EDIT AfspraakAssistent/models/db.py: 0
[2013-01-22 23:10:16] EDIT AfspraakAssistent/models/db.py: 0
[2013-01-22 23:13:15] EDIT AfspraakAssistent/models/db.py: 0
[2013-01-22 23:13:49] EDIT AfspraakAssistent/models/db.py: -1
[2013-01-22 23:14:02] EDIT AfspraakAssistent/models/db.py: 1
[2013-01-22 23:16:19] EDIT AfspraakAssistent/models/db.py: 1
[2013-01-22 23:16:50] EDIT AfspraakAssistent/models/db.py: 0
[2013-01-22 23:19:32] EDIT AfspraakAssistent/models/db.py: 10
[2013-01-22 23:19:40] EDIT AfspraakAssistent/models/db.py: 0
[2013-01-22 23:23:28] EDIT AfspraakAssistent/views/default/index.html: 0
[2013-01-22 23:26:49] EDIT AfspraakAssistent/views/default/index.html: 0
[2013-01-23 17:57:53] EDIT AfspraakAssistent/views/default/index.html: 1
[2013-01-23 17:58:57] EDIT AfspraakAssistent/views/default/index.html: 1
[2013-01-23 17:58:58] EDIT AfspraakAssistent/views/default/index.html: 0
[2013-01-23 18:10:53] EDIT AfspraakAssistent/views/ajax/loadafspraaktype.html: 0
[2013-01-23 18:10:54] EDIT AfspraakAssistent/views/ajax/loadafspraaktype.html: 0
[2013-01-23 18:11:40] EDIT AfspraakAssistent/views/default/index.html: 5
[2013-01-23 18:12:30] EDIT AfspraakAssistent/views/default/index.html: 1
[2013-01-23 18:12:31] EDIT AfspraakAssistent/views/default/index.html: 0
[2013-01-23 18:13:33] EDIT AfspraakAssistent/views/ajax/loadafspraaktype.html: 0
[2013-01-23 18:14:09] EDIT AfspraakAssistent/views/default/index.html: 1
[2013-01-23 18:15:31] EDIT AfspraakAssistent/views/default/index.html: -2
[2013-01-23 18:15:46] EDIT AfspraakAssistent/views/default/index.html: 0
[2013-01-23 18:15:47] EDIT AfspraakAssistent/views/default/index.html: 0
[2013-01-23 18:19:16] EDIT AfspraakAssistent/controllers/ajax.py: 5
[2013-01-23 18:19:49] EDIT AfspraakAssistent/controllers/ajax.py: -1
[2013-01-23 18:20:24] CREATE ajax/editafspraaktype.html: 0
[2013-01-23 18:21:02] EDIT AfspraakAssistent/views/ajax/editafspraaktype.html: -2
[2013-01-23 18:21:18] EDIT AfspraakAssistent/views/ajax/editafspraaktype.html: 0
[2013-01-23 18:21:55] EDIT AfspraakAssistent/views/default/index.html: 1
[2013-01-23 18:22:34] EDIT AfspraakAssistent/views/default/index.html: -1
[2013-01-23 18:23:15] EDIT AfspraakAssistent/controllers/ajax.py: 1
[2013-01-23 18:24:14] EDIT AfspraakAssistent/views/default/index.html: 2
[2013-01-23 18:24:51] EDIT AfspraakAssistent/views/default/index.html: -2
[2013-01-23 18:25:04] EDIT AfspraakAssistent/views/default/index.html: 0
[2013-01-23 18:25:07] EDIT AfspraakAssistent/controllers/ajax.py: 0
[2013-01-23 18:25:31] EDIT AfspraakAssistent/controllers/ajax.py: 0
[2013-01-23 18:25:47] EDIT AfspraakAssistent/controllers/ajax.py: -1
[2013-01-23 18:26:17] EDIT AfspraakAssistent/controllers/ajax.py: 1
[2013-01-23 18:27:49] EDIT AfspraakAssistent/views/default/index.html: 0
[2013-01-23 18:27:49] EDIT AfspraakAssistent/views/default/index.html: 0
[2013-01-23 18:28:10] EDIT AfspraakAssistent/views/ajax/loadafspraaktype.html: 0
[2013-01-23 18:28:11] EDIT AfspraakAssistent/views/ajax/loadafspraaktype.html: 0
[2013-01-23 18:28:33] EDIT AfspraakAssistent/views/ajax/loadafspraaktype.html: 0
[2013-01-23 18:29:04] EDIT AfspraakAssistent/views/default/index.html: 1
[2013-01-23 18:29:38] EDIT AfspraakAssistent/views/ajax/loadafspraaktype.html: 0
[2013-01-23 18:29:38] EDIT AfspraakAssistent/views/ajax/loadafspraaktype.html: 0
[2013-01-23 18:30:02] EDIT AfspraakAssistent/controllers/ajax.py: 0
[2013-01-23 18:30:51] EDIT AfspraakAssistent/views/default/index.html: 0
[2013-01-23 18:31:18] EDIT AfspraakAssistent/views/default/index.html: 0
[2013-01-23 18:31:30] EDIT AfspraakAssistent/views/ajax/loadafspraaktype.html: 0
[2013-01-23 18:31:47] EDIT AfspraakAssistent/views/default/index.html: -1
[2013-01-23 18:35:56] EDIT AfspraakAssistent/views/ajax/editafspraaktype.html: 0
[2013-01-23 18:37:01] EDIT AfspraakAssistent/views/ajax/editafspraaktype.html: 0
[2013-01-23 18:37:29] EDIT AfspraakAssistent/views/default/index.html: 2
[2013-01-23 18:37:33] EDIT AfspraakAssistent/views/default/index.html: -2
[2013-01-23 18:37:34] EDIT AfspraakAssistent/views/default/index.html: 0
[2013-01-23 18:37:34] EDIT AfspraakAssistent/views/default/index.html: 0
[2013-01-23 18:37:34] EDIT AfspraakAssistent/views/default/index.html: 0
[2013-01-23 18:37:54] EDIT AfspraakAssistent/views/default/index.html: 0
[2013-01-23 18:38:08] EDIT AfspraakAssistent/views/ajax/loadafspraaktype.html: 0
[2013-01-23 18:38:48] EDIT AfspraakAssistent/views/default/index.html: 2
[2013-01-23 18:43:41] EDIT AfspraakAssistent/views/ajax/editafspraaktype.html: 4
[2013-01-23 18:44:47] EDIT AfspraakAssistent/views/ajax/editafspraaktype.html: 2
[2013-01-23 18:45:32] EDIT AfspraakAssistent/views/ajax/editafspraaktype.html: 0
[2013-01-23 18:54:25] EDIT AfspraakAssistent/views/default/usersite.html: 0
[2013-01-23 18:54:49] EDIT AfspraakAssistent/views/default/usersite.html: 0
[2013-01-23 18:55:33] EDIT AfspraakAssistent/views/default/usersite.html: 0
[2013-01-23 18:55:51] EDIT AfspraakAssistent/views/default/usersite.html: 0
[2013-01-23 18:56:35] EDIT AfspraakAssistent/views/default/usersite.html: 0
[2013-01-23 18:59:44] EDIT AfspraakAssistent/views/ajax/editafspraaktype.html: 1
[2013-01-23 18:59:45] EDIT AfspraakAssistent/views/ajax/editafspraaktype.html: 0
[2013-01-23 18:59:45] EDIT AfspraakAssistent/views/ajax/editafspraaktype.html: 0
[2013-01-23 18:59:47] EDIT AfspraakAssistent/views/ajax/editafspraaktype.html: 0
[2013-01-23 19:00:18] EDIT AfspraakAssistent/views/ajax/editafspraaktype.html: 1
[2013-01-23 19:00:49] EDIT AfspraakAssistent/views/default/index.html: 0
[2013-01-23 19:00:56] EDIT AfspraakAssistent/views/ajax/editafspraaktype.html: 0
[2013-01-23 19:13:01] EDIT AfspraakAssistent/controllers/ajax.py: 0
[2013-01-23 19:13:45] EDIT AfspraakAssistent/controllers/ajax.py: 0
[2013-01-23 19:14:17] EDIT AfspraakAssistent/controllers/ajax.py: 0
[2013-01-23 19:14:35] EDIT AfspraakAssistent/controllers/ajax.py: 0
[2013-01-23 19:15:31] EDIT AfspraakAssistent/views/ajax/editafspraaktype.html: 2
[2013-01-23 19:15:36] EDIT AfspraakAssistent/views/ajax/editafspraaktype.html: 0
[2013-01-23 19:15:51] EDIT AfspraakAssistent/controllers/ajax.py: 0
[2013-01-23 19:18:13] EDIT AfspraakAssistent/views/ajax/editafspraaktype.html: 1
[2013-01-23 19:18:22] EDIT AfspraakAssistent/views/ajax/editafspraaktype.html: 0
[2013-01-23 19:19:00] EDIT AfspraakAssistent/views/ajax/editafspraaktype.html: -3
[2013-01-23 19:19:15] EDIT AfspraakAssistent/views/ajax/editafspraaktype.html: 3
[2013-01-23 19:19:18] EDIT AfspraakAssistent/views/ajax/editafspraaktype.html: 0
[2013-01-23 19:19:38] EDIT AfspraakAssistent/controllers/ajax.py: 1
[2013-01-23 19:20:07] EDIT AfspraakAssistent/views/ajax/editafspraaktype.html: -11
[2013-01-23 19:20:43] EDIT AfspraakAssistent/controllers/ajax.py: 0
[2013-01-23 19:21:33] EDIT AfspraakAssistent/views/default/index.html: 0
[2013-01-23 19:21:57] EDIT AfspraakAssistent/controllers/ajax.py: -1
[2013-01-23 19:22:26] EDIT AfspraakAssistent/views/ajax/editafspraaktype.html: 11
[2013-01-23 19:22:41] EDIT AfspraakAssistent/views/ajax/editafspraaktype.html: -11
[2013-01-23 19:22:55] EDIT AfspraakAssistent/views/ajax/editafspraaktype.html: 0
[2013-01-23 19:23:07] EDIT AfspraakAssistent/views/ajax/editafspraaktype.html: 11
[2013-01-23 19:23:33] EDIT AfspraakAssistent/controllers/ajax.py: 0
[2013-01-23 19:23:34] EDIT AfspraakAssistent/controllers/ajax.py: 0
[2013-01-23 19:23:41] EDIT AfspraakAssistent/views/ajax/editafspraaktype.html: -2
[2013-01-23 19:23:56] EDIT AfspraakAssistent/views/ajax/editafspraaktype.html: -9
[2013-01-23 19:24:17] EDIT AfspraakAssistent/views/ajax/editafspraaktype.html: 9
[2013-01-23 19:25:06] EDIT AfspraakAssistent/views/ajax/editafspraaktype.html: 0
[2013-01-23 19:25:31] EDIT AfspraakAssistent/views/ajax/editafspraaktype.html: 0
[2013-01-23 19:25:47] EDIT AfspraakAssistent/views/ajax/editafspraaktype.html: 0
[2013-01-23 19:26:12] EDIT AfspraakAssistent/views/ajax/editafspraaktype.html: -1
[2013-01-23 20:23:04] EDIT AfspraakAssistent/views/ajax/loadafspraaktype.html: 1
[2013-01-23 20:23:53] EDIT AfspraakAssistent/views/ajax/loadafspraaktype.html: -1
[2013-01-23 20:24:53] EDIT AfspraakAssistent/views/ajax/editafspraaktype.html: 0
[2013-01-23 20:25:24] EDIT AfspraakAssistent/views/ajax/editafspraaktype.html: 0
[2013-01-23 20:26:50] EDIT AfspraakAssistent/views/default/index.html: 6
[2013-01-23 20:27:23] EDIT AfspraakAssistent/controllers/ajax.py: 5
[2013-01-23 20:30:45] EDIT AfspraakAssistent/views/default/index.html: 2
[2013-01-23 20:31:21] EDIT AfspraakAssistent/views/default/index.html: 2
[2013-01-23 20:31:44] EDIT AfspraakAssistent/views/ajax/editafspraaktype.html: 0
[2013-01-23 20:33:21] EDIT AfspraakAssistent/controllers/ajax.py: 2
[2013-01-23 20:34:32] EDIT AfspraakAssistent/controllers/ajax.py: 0
[2013-01-23 20:34:57] EDIT AfspraakAssistent/controllers/ajax.py: 0
[2013-01-23 20:34:58] EDIT AfspraakAssistent/controllers/ajax.py: 0
[2013-01-23 20:35:23] EDIT AfspraakAssistent/controllers/ajax.py: 0
[2013-01-23 20:35:32] EDIT AfspraakAssistent/controllers/ajax.py: 0
[2013-01-23 20:36:04] EDIT AfspraakAssistent/controllers/ajax.py: 0
[2013-01-23 20:37:15] EDIT AfspraakAssistent/views/ajax/loadafspraaktype.html: -1
[2013-01-23 20:37:30] EDIT AfspraakAssistent/views/default/index.html: -2
[2013-01-23 20:43:01] CREATE bootstrap-datepicker.js: 0
[2013-01-23 20:43:43] DELETE AfspraakAssistent/static/bootstrap-datepicker.js: 0
[2013-01-23 20:44:02] CREATE js/bootstrap-datepicker.js: 0
[2013-01-23 20:44:15] CREATE css/datepicker.css: 0
[2013-01-23 20:44:34] EDIT AfspraakAssistent/static/css/datepicker.css: 300
[2013-01-23 20:44:37] EDIT AfspraakAssistent/static/css/datepicker.css: 0
[2013-01-23 20:45:52] EDIT AfspraakAssistent/static/js/bootstrap-datepicker.js: 923
[2013-01-23 20:48:13] EDIT AfspraakAssistent/static/js/bootstrap-datepicker.js: 8
[2013-01-23 20:49:49] EDIT AfspraakAssistent/views/layoutusersite.html: 1
[2013-01-23 20:50:47] EDIT AfspraakAssistent/views/layoutusersite.html: 1
[2013-01-23 20:51:15] EDIT AfspraakAssistent/views/default/index.html: 2
[2013-01-23 20:51:57] EDIT AfspraakAssistent/views/default/index.html: 0
[2013-01-23 20:52:12] EDIT AfspraakAssistent/views/default/index.html: 0
[2013-01-23 20:52:46] EDIT AfspraakAssistent/views/default/index.html: 4
[2013-01-23 20:56:24] EDIT AfspraakAssistent/views/default/index.html: 1
[2013-01-23 20:56:58] EDIT AfspraakAssistent/views/default/index.html: 1
[2013-01-23 20:58:40] EDIT AfspraakAssistent/views/default/index.html: 2
[2013-01-23 20:59:34] EDIT AfspraakAssistent/views/default/index.html: -3
[2013-01-23 21:01:18] EDIT AfspraakAssistent/views/ajax/loadtijden.html: -1
[2013-01-23 21:01:59] EDIT AfspraakAssistent/controllers/ajax.py: 0
[2013-01-23 21:03:03] EDIT AfspraakAssistent/views/default/index.html: 1
[2013-01-23 21:04:58] EDIT AfspraakAssistent/views/default/index.html: 0
[2013-01-23 21:09:32] EDIT AfspraakAssistent/views/default/index.html: 0
[2013-01-23 21:12:43] EDIT AfspraakAssistent/models/db.py: 0
[2013-01-23 21:12:44] EDIT AfspraakAssistent/models/db.py: 0
[2013-01-23 21:13:19] EDIT AfspraakAssistent/models/db.py: 0
[2013-01-23 21:17:29] EDIT AfspraakAssistent/views/default/index.html: 2
[2013-01-23 21:22:39] EDIT AfspraakAssistent/views/default/index.html: 1
[2013-01-23 21:23:08] EDIT AfspraakAssistent/views/default/index.html: 2
[2013-01-23 21:23:17] EDIT AfspraakAssistent/views/default/index.html: 0
[2013-01-23 21:24:06] EDIT AfspraakAssistent/views/default/index.html: 0
[2013-01-23 21:24:56] EDIT AfspraakAssistent/views/default/index.html: 0
[2013-01-23 21:28:04] EDIT AfspraakAssistent/views/default/index.html: 0
[2013-01-23 21:28:05] EDIT AfspraakAssistent/views/default/index.html: 0
[2013-01-23 21:28:06] EDIT AfspraakAssistent/views/default/index.html: 0
[2013-01-23 21:28:06] EDIT AfspraakAssistent/views/default/index.html: 0
[2013-01-23 21:28:07] EDIT AfspraakAssistent/views/default/index.html: 0
[2013-01-23 21:28:08] EDIT AfspraakAssistent/views/default/index.html: 0
[2013-01-23 21:28:44] EDIT AfspraakAssistent/controllers/ajax.py: 1
[2013-01-23 21:28:59] EDIT AfspraakAssistent/controllers/ajax.py: 0
[2013-01-23 21:29:25] EDIT AfspraakAssistent/views/ajax/loadtijden.html: 1
[2013-01-23 21:29:42] EDIT AfspraakAssistent/views/ajax/loadtijden.html: -1
[2013-01-23 21:29:59] EDIT AfspraakAssistent/views/ajax/loadtijden.html: 0
[2013-01-23 21:30:33] EDIT AfspraakAssistent/views/default/index.html: 0
[2013-01-23 21:30:52] EDIT AfspraakAssistent/views/default/index.html: -2
[2013-01-23 21:30:53] EDIT AfspraakAssistent/views/default/index.html: 0
[2013-01-23 21:30:53] EDIT AfspraakAssistent/views/default/index.html: 0
[2013-01-23 21:30:54] EDIT AfspraakAssistent/views/default/index.html: 0
[2013-01-23 21:31:10] EDIT AfspraakAssistent/views/ajax/loadtijden.html: 1
[2013-01-23 21:32:06] EDIT AfspraakAssistent/views/default/index.html: 0
[2013-01-23 21:32:21] EDIT AfspraakAssistent/views/ajax/loadtijden.html: 0
[2013-01-23 21:32:45] EDIT AfspraakAssistent/controllers/ajax.py: 0
[2013-01-23 21:33:33] EDIT AfspraakAssistent/views/default/index.html: 2
[2013-01-23 21:34:01] EDIT AfspraakAssistent/views/default/index.html: 1
[2013-01-23 21:34:48] EDIT AfspraakAssistent/views/default/index.html: 0
[2013-01-23 21:35:18] EDIT AfspraakAssistent/views/default/index.html: 0
[2013-01-23 21:35:19] EDIT AfspraakAssistent/views/default/index.html: 0
[2013-01-23 21:35:44] EDIT AfspraakAssistent/views/default/index.html: 1
[2013-01-23 21:36:36] EDIT AfspraakAssistent/views/default/index.html: 0
[2013-01-23 21:36:40] EDIT AfspraakAssistent/views/default/index.html: 0
[2013-01-23 21:37:03] EDIT AfspraakAssistent/views/default/index.html: 0
[2013-01-23 21:37:04] EDIT AfspraakAssistent/views/default/index.html: 0
[2013-01-23 21:38:29] EDIT AfspraakAssistent/views/default/index.html: -2
[2013-01-23 21:38:37] EDIT AfspraakAssistent/views/default/index.html: 1
[2013-01-23 21:38:38] EDIT AfspraakAssistent/views/default/index.html: 0
[2013-01-23 21:39:14] EDIT AfspraakAssistent/views/default/index.html: 1
[2013-01-23 21:39:20] EDIT AfspraakAssistent/views/default/index.html: -1
[2013-01-23 21:39:20] EDIT AfspraakAssistent/views/default/index.html: 0
[2013-01-23 21:40:08] EDIT AfspraakAssistent/views/default/index.html: 0
[2013-01-23 21:46:49] EDIT AfspraakAssistent/views/default/index.html: 0
[2013-01-23 21:48:50] EDIT AfspraakAssistent/views/default/index.html: 0
[2013-01-23 21:50:13] EDIT AfspraakAssistent/views/default/index.html: 0
[2013-01-23 21:50:31] EDIT AfspraakAssistent/views/default/index.html: 0
[2013-01-23 21:50:46] EDIT AfspraakAssistent/views/default/index.html: 0
[2013-01-23 21:51:16] EDIT AfspraakAssistent/views/default/index.html: 0
[2013-01-23 21:52:12] EDIT AfspraakAssistent/views/default/index.html: 0
[2013-01-23 21:52:25] EDIT AfspraakAssistent/views/default/index.html: 0
[2013-01-23 21:52:37] EDIT AfspraakAssistent/views/default/index.html: 0
[2013-01-23 21:53:03] EDIT AfspraakAssistent/views/default/index.html: 0
[2013-01-23 21:53:04] EDIT AfspraakAssistent/views/default/index.html: 0
[2013-01-23 21:53:22] EDIT AfspraakAssistent/views/default/index.html: -1
[2013-01-23 21:58:03] EDIT AfspraakAssistent/controllers/ajax.py: 1
[2013-01-23 21:58:06] EDIT AfspraakAssistent/controllers/ajax.py: 0
[2013-01-23 22:05:57] EDIT AfspraakAssistent/views/layout.html: -13
[2013-01-23 22:12:52] EDIT AfspraakAssistent/controllers/ajax.py: 1
[2013-01-23 22:13:12] EDIT AfspraakAssistent/controllers/ajax.py: 0
[2013-01-23 22:13:21] EDIT AfspraakAssistent/controllers/ajax.py: 0
[2013-01-23 22:14:06] EDIT AfspraakAssistent/views/default/index.html: 1
[2013-01-23 22:14:48] EDIT AfspraakAssistent/views/default/index.html: -1
[2013-01-23 22:15:16] EDIT AfspraakAssistent/controllers/ajax.py: 0
[2013-01-25 07:19:18] EDIT AfspraakAssistent/views/default/index.html: 0
[2013-01-25 07:21:31] EDIT AfspraakAssistent/views/default/usersite.html: 0
[2013-01-25 07:22:15] EDIT AfspraakAssistent/views/default/usersite.html: 0
[2013-01-25 07:23:10] EDIT AfspraakAssistent/controllers/default.py: 2
[2013-01-25 07:23:11] EDIT AfspraakAssistent/controllers/default.py: 0
[2013-01-25 07:23:21] EDIT AfspraakAssistent/views/default/usersite.html: 0
[2013-01-25 07:23:51] CREATE default/email.html: 0
[2013-01-25 07:24:09] EDIT AfspraakAssistent/views/layoutusersite.html: 0
[2013-01-25 07:24:18] EDIT AfspraakAssistent/views/layout.html: 0
[2013-01-25 07:24:33] EDIT AfspraakAssistent/views/default/index.html: 0
[2013-01-25 07:24:45] EDIT AfspraakAssistent/views/default/usersite.html: 0
[2013-01-25 07:24:52] DELETE AfspraakAssistent/views/default/index.html.1: -67
[2013-01-25 07:24:59] DELETE AfspraakAssistent/views/default/usersite.html.1: -8
[2013-01-25 07:25:04] DELETE AfspraakAssistent/views/layoutusersite.html: -120
[2013-01-25 07:27:27] EDIT AfspraakAssistent/views/default/email.html: 1
[2013-01-25 07:27:45] EDIT AfspraakAssistent/views/default/email.html: 0
[2013-01-25 07:28:22] EDIT AfspraakAssistent/views/default/email.html: 0
[2013-01-25 07:31:43] EDIT AfspraakAssistent/controllers/default.py: 9
[2013-01-25 07:31:59] EDIT AfspraakAssistent/controllers/default.py: -9
[2013-01-25 07:32:00] EDIT AfspraakAssistent/controllers/default.py: 0
[2013-01-25 07:32:07] EDIT AfspraakAssistent/controllers/default.py: 9
[2013-01-25 07:32:30] EDIT AfspraakAssistent/controllers/default.py: 0
[2013-01-25 07:32:44] EDIT AfspraakAssistent/controllers/default.py: -6
[2013-01-25 07:32:48] EDIT AfspraakAssistent/controllers/default.py: 0
[2013-01-25 07:33:17] EDIT AfspraakAssistent/controllers/default.py: -2
[2013-01-25 07:33:18] EDIT AfspraakAssistent/controllers/default.py: 0
[2013-01-25 07:33:32] EDIT AfspraakAssistent/controllers/default.py: -1
[2013-01-25 07:33:56] EDIT AfspraakAssistent/controllers/default.py: 2
[2013-01-25 07:34:28] EDIT AfspraakAssistent/controllers/default.py: 0
[2013-01-25 07:34:35] EDIT AfspraakAssistent/controllers/default.py: -1
[2013-01-25 07:34:57] EDIT AfspraakAssistent/controllers/default.py: 6
[2013-01-25 07:35:16] EDIT AfspraakAssistent/views/default/email.html: 5
[2013-01-25 07:41:37] EDIT AfspraakAssistent/views/default/email.html: -1
[2013-01-25 07:42:10] EDIT AfspraakAssistent/controllers/default.py: 0
[2013-01-25 07:43:23] EDIT AfspraakAssistent/controllers/default.py: 1
[2013-01-25 07:43:43] EDIT AfspraakAssistent/views/default/email.html: 1
[2013-01-25 07:44:10] EDIT AfspraakAssistent/controllers/default.py: 0
[2013-01-25 07:45:57] EDIT AfspraakAssistent/controllers/default.py: -8
[2013-01-25 07:46:15] EDIT AfspraakAssistent/views/default/email.html: -7
[2013-01-25 07:46:23] EDIT AfspraakAssistent/views/default/email.html: 0
[2013-01-25 07:48:20] EDIT AfspraakAssistent/views/default/email.html: 2
[2013-01-25 07:49:09] EDIT AfspraakAssistent/views/default/email.html: 2
[2013-01-25 07:49:25] EDIT AfspraakAssistent/views/default/email.html: 0
[2013-01-25 07:49:58] EDIT AfspraakAssistent/views/default/email.html: 0
[2013-01-25 07:56:43] EDIT AfspraakAssistent/views/default/usersite.html: -1
[2013-01-25 07:57:38] EDIT AfspraakAssistent/views/default/usersite.html: 0
[2013-01-25 07:59:12] EDIT AfspraakAssistent/views/default/usersite.html: 0
[2013-01-25 07:59:34] EDIT AfspraakAssistent/views/default/usersite.html: 0
[2013-01-25 07:59:55] EDIT AfspraakAssistent/views/default/usersite.html: 0
[2013-01-25 08:00:59] EDIT AfspraakAssistent/views/default/usersite.html: 0
[2013-01-25 08:02:05] EDIT AfspraakAssistent/views/default/usersite.html: 0
[2013-01-25 08:02:49] EDIT AfspraakAssistent/views/default/usersite.html: 1
[2013-01-25 08:04:14] EDIT AfspraakAssistent/views/default/usersite.html: 0
[2013-01-25 08:06:27] EDIT AfspraakAssistent/views/default/email.html: 0
[2013-01-25 08:07:41] EDIT AfspraakAssistent/views/default/email.html: 0
[2013-01-25 08:10:21] EDIT AfspraakAssistent/controllers/default.py: 2
[2013-01-25 08:10:25] EDIT AfspraakAssistent/controllers/default.py: 0
[2013-01-25 08:10:37] EDIT AfspraakAssistent/controllers/default.py: 0
[2013-01-25 08:13:36] EDIT AfspraakAssistent/views/default/email.html: 6
[2013-01-25 08:14:20] EDIT AfspraakAssistent/views/default/email.html: 0
[2013-01-25 08:14:48] EDIT AfspraakAssistent/views/default/email.html: 0
[2013-01-25 09:18:35] EDIT AfspraakAssistent/views/default/index.html: 1
[2013-01-25 09:18:41] EDIT AfspraakAssistent/views/default/index.html: 0
[2013-01-25 09:19:15] EDIT AfspraakAssistent/views/default/index.html: 0
[2013-01-25 09:19:29] EDIT AfspraakAssistent/views/default/index.html: 0
[2013-01-25 09:20:55] EDIT AfspraakAssistent/views/default/index.html: 0
[2013-01-25 09:23:32] EDIT AfspraakAssistent/views/default/usersite.html: 0
[2013-01-25 09:25:09] EDIT AfspraakAssistent/views/default/usersite.html: 0
[2013-01-25 09:25:33] EDIT AfspraakAssistent/views/default/usersite.html: 0
[2013-01-25 09:27:44] EDIT AfspraakAssistent/controllers/default.py: 0
[2013-01-25 09:27:54] EDIT AfspraakAssistent/controllers/default.py: 0
[2013-01-25 09:28:30] EDIT AfspraakAssistent/views/default/usersite.html: 0
[2013-01-25 09:29:40] EDIT AfspraakAssistent/controllers/default.py: 1
[2013-01-25 09:30:16] EDIT AfspraakAssistent/views/default/email.html: 1
[2013-01-25 09:30:16] EDIT AfspraakAssistent/views/default/email.html: 0
[2013-01-25 09:42:14] EDIT AfspraakAssistent/views/default/email.html: 4
[2013-01-25 09:45:02] EDIT AfspraakAssistent/views/default/email.html: 5
[2013-01-25 09:45:45] EDIT AfspraakAssistent/views/default/email.html: 0
[2013-01-25 09:46:10] EDIT AfspraakAssistent/views/default/email.html: 0
[2013-01-25 09:46:22] EDIT AfspraakAssistent/views/default/email.html: 1
[2013-01-25 09:46:49] EDIT AfspraakAssistent/views/default/email.html: 1
[2013-01-25 09:47:23] EDIT AfspraakAssistent/views/default/email.html: -13
[2013-01-25 09:50:03] EDIT AfspraakAssistent/views/default/email.html: 4
[2013-01-25 09:50:03] EDIT AfspraakAssistent/views/default/email.html: 0
[2013-01-25 09:50:24] EDIT AfspraakAssistent/views/default/email.html: 1
[2013-01-25 09:50:25] EDIT AfspraakAssistent/views/default/email.html: 0
[2013-01-25 09:50:51] EDIT AfspraakAssistent/views/default/email.html: 0
[2013-01-25 09:51:14] EDIT AfspraakAssistent/views/default/email.html: 0
[2013-01-25 09:51:36] EDIT AfspraakAssistent/views/default/email.html: 0
[2013-01-25 09:51:55] EDIT AfspraakAssistent/views/default/email.html: 0
[2013-01-25 09:53:47] EDIT AfspraakAssistent/views/default/email.html: 5
[2013-01-25 10:36:23] EDIT AfspraakAssistent/views/default/email.html: 3
[2013-01-25 10:36:39] EDIT AfspraakAssistent/views/default/email.html: 0
[2013-01-25 10:37:07] EDIT AfspraakAssistent/views/default/email.html: 0
[2013-01-25 10:38:42] EDIT AfspraakAssistent/views/default/email.html: 0
[2013-01-25 10:38:58] EDIT AfspraakAssistent/views/default/email.html: -1
[2013-01-25 10:39:46] EDIT AfspraakAssistent/views/default/email.html: 1
[2013-01-25 10:40:31] EDIT AfspraakAssistent/views/default/email.html: 1
[2013-01-25 10:40:59] EDIT AfspraakAssistent/views/default/email.html: -2
[2013-01-25 10:42:09] EDIT AfspraakAssistent/views/default/email.html: 0
[2013-01-25 10:42:44] EDIT AfspraakAssistent/views/default/email.html: -2
[2013-01-25 10:43:45] EDIT AfspraakAssistent/views/default/email.html: 0
[2013-01-25 10:48:07] EDIT AfspraakAssistent/views/default/email.html: 0
[2013-01-25 10:50:08] EDIT AfspraakAssistent/views/default/email.html: 0
[2013-01-25 10:50:44] EDIT AfspraakAssistent/views/default/email.html: 0
[2013-01-25 10:55:27] EDIT AfspraakAssistent/views/default/email.html: 1
[2013-01-25 10:57:36] EDIT AfspraakAssistent/views/default/email.html: 0
[2013-01-25 10:58:29] EDIT AfspraakAssistent/views/default/email.html: 0
[2013-01-25 11:01:21] EDIT AfspraakAssistent/views/default/email.html: 0
[2013-01-25 11:01:44] EDIT AfspraakAssistent/views/default/email.html: 0
[2013-01-25 11:02:45] EDIT AfspraakAssistent/views/default/email.html: 0
[2013-01-25 11:02:46] EDIT AfspraakAssistent/views/default/email.html: 0
[2013-01-25 11:03:20] EDIT AfspraakAssistent/views/default/email.html: 0
[2013-01-25 11:04:08] EDIT AfspraakAssistent/views/default/email.html: 0
[2013-01-25 11:05:22] EDIT AfspraakAssistent/views/default/email.html: 0
[2013-01-25 11:05:24] EDIT AfspraakAssistent/views/default/email.html: 0
[2013-01-25 11:05:24] EDIT AfspraakAssistent/views/default/email.html: 0
[2013-01-25 11:05:30] EDIT AfspraakAssistent/views/default/email.html: 0
[2013-01-25 11:09:58] EDIT AfspraakAssistent/controllers/default.py: 0
[2013-01-25 11:10:38] EDIT AfspraakAssistent/controllers/default.py: 6
[2013-01-25 11:10:51] EDIT AfspraakAssistent/views/default/email.html: 0
[2013-01-25 11:18:00] EDIT AfspraakAssistent/controllers/default.py: 2
[2013-01-25 11:18:26] EDIT AfspraakAssistent/controllers/default.py: 0
[2013-01-25 11:20:54] EDIT AfspraakAssistent/controllers/default.py: 1
[2013-01-25 11:20:59] EDIT AfspraakAssistent/controllers/default.py: 0
[2013-01-25 11:21:23] EDIT AfspraakAssistent/controllers/default.py: 0
[2013-01-25 11:22:47] EDIT AfspraakAssistent/controllers/default.py: 2
[2013-01-25 11:24:16] EDIT AfspraakAssistent/controllers/default.py: 4
[2013-01-25 11:26:31] CREATE default/klant.html: 0
[2013-01-25 11:26:56] EDIT AfspraakAssistent/views/default/klant.html: 19
[2013-01-25 11:29:09] EDIT AfspraakAssistent/views/default/klant.html: 0
[2013-01-25 11:31:47] EDIT AfspraakAssistent/controllers/default.py: 1
[2013-01-25 11:31:48] EDIT AfspraakAssistent/controllers/default.py: 0
[2013-01-25 11:33:14] EDIT AfspraakAssistent/controllers/default.py: 0
[2013-01-25 11:33:38] EDIT AfspraakAssistent/views/default/klant.html: 0
[2013-01-25 11:34:38] EDIT AfspraakAssistent/views/default/klant.html: 0
[2013-01-25 11:35:24] EDIT AfspraakAssistent/views/default/klant.html: 0
[2013-01-25 11:39:00] EDIT AfspraakAssistent/views/default/klant.html: 6
[2013-01-25 11:40:36] EDIT AfspraakAssistent/views/default/klant.html: 0
[2013-01-25 11:40:59] EDIT AfspraakAssistent/views/default/klant.html: 0
[2013-01-25 11:41:20] EDIT AfspraakAssistent/views/default/klant.html: 0
[2013-01-25 11:44:26] EDIT AfspraakAssistent/views/default/klant.html: -1
[2013-01-25 11:44:36] EDIT AfspraakAssistent/views/default/email.html: -1
[2013-01-26 11:12:55] EDIT AfspraakAssistent/views/default/klant.html: 22
[2013-01-26 11:13:39] EDIT AfspraakAssistent/views/default/klant.html: 0
[2013-01-26 11:14:06] EDIT AfspraakAssistent/views/default/klant.html: 1
[2013-01-26 11:14:31] EDIT AfspraakAssistent/views/default/klant.html: 0
[2013-01-26 11:15:12] EDIT AfspraakAssistent/views/default/klant.html: 1
[2013-01-26 11:15:45] EDIT AfspraakAssistent/views/default/klant.html: 0
[2013-01-26 11:15:59] EDIT AfspraakAssistent/views/default/klant.html: 0
[2013-01-26 11:16:06] EDIT AfspraakAssistent/views/default/klant.html: 0
[2013-01-26 11:17:48] EDIT AfspraakAssistent/views/default/klant.html: 4
[2013-01-26 11:18:36] EDIT AfspraakAssistent/views/default/klant.html: -4
[2013-01-26 11:19:13] EDIT AfspraakAssistent/views/default/klant.html: 0
[2013-01-26 11:19:29] EDIT AfspraakAssistent/views/default/klant.html: 0
[2013-01-26 11:20:03] EDIT AfspraakAssistent/views/default/klant.html: 1
[2013-01-26 11:20:44] EDIT AfspraakAssistent/views/default/klant.html: 1
[2013-01-26 11:20:52] EDIT AfspraakAssistent/views/default/klant.html: -2
[2013-01-26 11:21:50] EDIT AfspraakAssistent/views/default/klant.html: 0
[2013-01-26 11:22:25] EDIT AfspraakAssistent/views/default/klant.html: 0
[2013-01-26 11:22:45] EDIT AfspraakAssistent/views/default/klant.html: 0
[2013-01-26 11:23:15] EDIT AfspraakAssistent/views/default/klant.html: 0
[2013-01-26 11:23:36] EDIT AfspraakAssistent/views/default/klant.html: 0
[2013-01-26 11:23:56] EDIT AfspraakAssistent/views/default/klant.html: -1
[2013-01-26 11:24:21] EDIT AfspraakAssistent/views/default/klant.html: 1
[2013-01-26 11:25:20] EDIT AfspraakAssistent/views/default/klant.html: 0
[2013-01-26 11:25:22] EDIT AfspraakAssistent/views/default/klant.html: 0
[2013-01-26 11:27:18] EDIT AfspraakAssistent/views/default/klant.html: 0
[2013-01-26 11:28:15] EDIT AfspraakAssistent/views/default/klant.html: -1
[2013-01-26 11:35:19] EDIT AfspraakAssistent/views/default/klant.html: 15
[2013-01-26 11:38:03] EDIT AfspraakAssistent/views/default/klant.html: -1
[2013-01-26 11:38:43] EDIT AfspraakAssistent/controllers/ajax.py: 2
[2013-01-26 11:38:45] EDIT AfspraakAssistent/controllers/ajax.py: 0
[2013-01-26 11:38:47] EDIT AfspraakAssistent/views/default/klant.html: 0
[2013-01-26 11:39:24] EDIT AfspraakAssistent/views/default/klant.html: 0
[2013-01-26 11:39:33] EDIT AfspraakAssistent/views/default/klant.html: 0
[2013-01-26 11:40:06] EDIT AfspraakAssistent/views/default/klant.html: 0
[2013-01-26 11:40:33] EDIT AfspraakAssistent/views/default/klant.html: 0
[2013-01-26 11:40:34] EDIT AfspraakAssistent/views/default/klant.html: 0
[2013-01-26 11:42:22] EDIT AfspraakAssistent/controllers/ajax.py: 7
[2013-01-26 11:59:50] EDIT AfspraakAssistent/controllers/ajax.py: 1
[2013-01-26 12:01:17] EDIT AfspraakAssistent/controllers/ajax.py: 0
[2013-01-26 12:01:17] EDIT AfspraakAssistent/controllers/ajax.py: 0
[2013-01-26 12:02:43] EDIT AfspraakAssistent/controllers/ajax.py: 0
[2013-01-26 12:02:44] EDIT AfspraakAssistent/controllers/ajax.py: 0
[2013-01-26 12:03:38] EDIT AfspraakAssistent/views/default/klant.html: -1
[2013-01-26 12:03:39] EDIT AfspraakAssistent/views/default/klant.html: 0
[2013-01-26 12:14:04] CREATE default/boek.html: 0
[2013-01-26 12:16:24] EDIT AfspraakAssistent/views/default/boek.html: 6
[2013-01-26 12:17:56] EDIT AfspraakAssistent/views/default/boek.html: -1
[2013-01-26 12:18:15] EDIT AfspraakAssistent/views/default/boek.html: 0
[2013-01-26 12:18:29] EDIT AfspraakAssistent/views/default/boek.html: 0
[2013-01-26 12:19:44] EDIT AfspraakAssistent/views/default/boek.html: 0
[2013-01-26 12:27:53] EDIT AfspraakAssistent/controllers/default.py: 3
[2013-01-26 12:28:26] EDIT AfspraakAssistent/controllers/default.py: 0
[2013-01-26 12:28:54] EDIT AfspraakAssistent/views/default/boek.html: 0
[2013-01-26 12:29:22] EDIT AfspraakAssistent/controllers/default.py: 0
[2013-01-26 12:29:39] EDIT AfspraakAssistent/views/default/boek.html: 0
[2013-01-26 12:30:12] EDIT AfspraakAssistent/controllers/default.py: 0
[2013-01-26 12:30:44] EDIT AfspraakAssistent/controllers/default.py: 0
[2013-01-26 12:31:43] EDIT AfspraakAssistent/controllers/default.py: 1
[2013-01-26 12:31:53] EDIT AfspraakAssistent/controllers/default.py: 0
[2013-01-26 12:34:06] EDIT AfspraakAssistent/controllers/default.py: 0
[2013-01-26 12:34:29] EDIT AfspraakAssistent/views/default/boek.html: 0
[2013-01-26 14:41:45] EDIT AfspraakAssistent/views/default/boek.html: 4
[2013-01-26 14:42:13] EDIT AfspraakAssistent/views/default/boek.html: 0
[2013-01-26 14:43:47] EDIT AfspraakAssistent/views/default/boek.html: 7
[2013-01-26 14:58:21] EDIT AfspraakAssistent/controllers/ajax.py: 2
[2013-01-26 14:59:12] EDIT AfspraakAssistent/views/default/boek.html: 0
[2013-01-26 15:00:04] EDIT AfspraakAssistent/views/default/boek.html: 1
[2013-01-26 15:01:19] EDIT AfspraakAssistent/views/default/boek.html: 0
[2013-01-26 15:01:41] EDIT AfspraakAssistent/views/default/boek.html: 0
[2013-01-26 15:02:06] EDIT AfspraakAssistent/views/default/boek.html: -1
[2013-01-26 15:07:10] EDIT AfspraakAssistent/controllers/ajax.py: 5
[2013-01-26 15:07:18] EDIT AfspraakAssistent/controllers/ajax.py: 0
[2013-01-26 15:07:38] EDIT AfspraakAssistent/controllers/ajax.py: 0
[2013-01-26 15:07:53] EDIT AfspraakAssistent/controllers/ajax.py: 1
[2013-01-26 15:08:36] EDIT AfspraakAssistent/controllers/ajax.py: 0
[2013-01-26 15:08:45] EDIT AfspraakAssistent/controllers/ajax.py: 0
[2013-01-26 15:08:57] EDIT AfspraakAssistent/controllers/ajax.py: -1
[2013-01-26 15:09:15] EDIT AfspraakAssistent/controllers/ajax.py: 0
[2013-01-26 15:09:48] EDIT AfspraakAssistent/controllers/ajax.py: 1
[2013-01-26 15:10:18] EDIT AfspraakAssistent/controllers/ajax.py: 0
[2013-01-26 15:10:45] EDIT AfspraakAssistent/controllers/ajax.py: 1
[2013-01-26 15:11:02] EDIT AfspraakAssistent/controllers/ajax.py: 0
[2013-01-26 15:11:19] EDIT AfspraakAssistent/controllers/ajax.py: -1
[2013-01-26 15:11:33] EDIT AfspraakAssistent/controllers/ajax.py: 0
[2013-01-26 15:11:43] EDIT AfspraakAssistent/controllers/ajax.py: 0
[2013-01-26 15:12:45] EDIT AfspraakAssistent/views/default/boek.html: 0
[2013-01-26 15:12:56] EDIT AfspraakAssistent/controllers/ajax.py: 0
[2013-01-26 15:13:12] EDIT AfspraakAssistent/views/default/boek.html: 0
[2013-01-26 15:13:40] EDIT AfspraakAssistent/views/default/boek.html: 0
[2013-01-26 15:15:00] EDIT AfspraakAssistent/controllers/ajax.py: 0
[2013-01-26 15:15:20] EDIT AfspraakAssistent/controllers/ajax.py: 0
[2013-01-26 15:15:35] EDIT AfspraakAssistent/controllers/ajax.py: 0
[2013-01-26 15:16:11] EDIT AfspraakAssistent/controllers/ajax.py: 2
[2013-01-26 15:16:17] EDIT AfspraakAssistent/controllers/ajax.py: 0
[2013-01-26 15:16:29] EDIT AfspraakAssistent/controllers/ajax.py: 0
[2013-01-26 15:16:39] EDIT AfspraakAssistent/controllers/ajax.py: 0
[2013-01-26 15:17:23] EDIT AfspraakAssistent/controllers/ajax.py: 1
[2013-01-26 15:17:24] EDIT AfspraakAssistent/controllers/ajax.py: 0
[2013-01-26 15:17:24] EDIT AfspraakAssistent/controllers/ajax.py: 0
[2013-01-26 15:17:44] EDIT AfspraakAssistent/controllers/ajax.py: 1
[2013-01-26 15:36:14] EDIT AfspraakAssistent/controllers/ajax.py: 14
[2013-01-26 15:36:24] EDIT AfspraakAssistent/controllers/ajax.py: 0
[2013-01-26 15:38:12] EDIT AfspraakAssistent/controllers/default.py: 0
[2013-01-26 15:38:47] EDIT AfspraakAssistent/views/default/boek.html: 1
[2013-01-26 15:39:39] EDIT AfspraakAssistent/controllers/ajax.py: 1
[2013-01-26 15:39:41] EDIT AfspraakAssistent/controllers/ajax.py: 0
[2013-01-26 15:39:41] EDIT AfspraakAssistent/controllers/ajax.py: 0
[2013-01-26 15:39:43] EDIT AfspraakAssistent/controllers/ajax.py: 0
[2013-01-26 15:39:43] EDIT AfspraakAssistent/controllers/ajax.py: 0
[2013-01-26 15:39:44] EDIT AfspraakAssistent/controllers/ajax.py: 0
[2013-01-26 15:39:45] EDIT AfspraakAssistent/controllers/ajax.py: 0
[2013-01-26 15:41:55] EDIT AfspraakAssistent/controllers/ajax.py: 3
[2013-01-26 15:42:40] EDIT AfspraakAssistent/controllers/ajax.py: 1
[2013-01-26 15:43:15] EDIT AfspraakAssistent/controllers/ajax.py: 0
[2013-01-26 15:43:38] EDIT AfspraakAssistent/controllers/ajax.py: 0
[2013-01-26 15:46:10] EDIT AfspraakAssistent/controllers/ajax.py: 2
[2013-01-26 15:47:01] EDIT AfspraakAssistent/views/default/boek.html: 3
[2013-01-26 15:48:04] EDIT AfspraakAssistent/views/default/boek.html: 2
[2013-01-26 15:50:18] EDIT AfspraakAssistent/controllers/ajax.py: 2
[2013-01-26 15:51:04] EDIT AfspraakAssistent/controllers/ajax.py: 0
[2013-01-26 15:51:18] EDIT AfspraakAssistent/controllers/ajax.py: 0
[2013-01-26 15:51:31] EDIT AfspraakAssistent/controllers/ajax.py: 0
[2013-01-26 15:51:36] EDIT AfspraakAssistent/controllers/ajax.py: 0
[2013-01-26 15:52:29] EDIT AfspraakAssistent/controllers/ajax.py: 0
[2013-01-26 15:53:26] EDIT AfspraakAssistent/controllers/ajax.py: 1
[2013-01-26 15:53:32] EDIT AfspraakAssistent/controllers/ajax.py: 1
[2013-01-26 15:54:53] EDIT AfspraakAssistent/controllers/ajax.py: -1
[2013-01-26 15:56:06] EDIT AfspraakAssistent/controllers/ajax.py: 0
[2013-01-26 15:57:05] EDIT AfspraakAssistent/controllers/ajax.py: 0
[2013-01-26 15:58:30] EDIT AfspraakAssistent/views/default/klant.html: 0
[2013-01-26 15:59:43] EDIT AfspraakAssistent/controllers/ajax.py: 0
[2013-01-26 16:04:49] EDIT AfspraakAssistent/controllers/default.py: 6
[2013-01-26 16:04:49] EDIT AfspraakAssistent/controllers/default.py: 0
[2013-01-26 16:09:51] EDIT AfspraakAssistent/controllers/default.py: 0
[2013-01-26 16:11:07] EDIT AfspraakAssistent/views/default/boek.html: 0
[2013-01-26 16:12:13] EDIT AfspraakAssistent/views/default/boek.html: 0
[2013-01-26 16:14:00] EDIT AfspraakAssistent/views/default/boek.html: 1
[2013-01-26 16:14:20] EDIT AfspraakAssistent/views/default/boek.html: 0
[2013-01-26 16:15:31] EDIT AfspraakAssistent/views/default/boek.html: 0
[2013-01-26 16:16:23] EDIT AfspraakAssistent/views/default/boek.html: 0
[2013-01-26 16:17:09] EDIT AfspraakAssistent/views/default/boek.html: 0
[2013-01-26 16:20:46] EDIT AfspraakAssistent/controllers/default.py: 16
[2013-01-26 16:21:25] EDIT AfspraakAssistent/controllers/default.py: 2
[2013-01-26 16:27:15] CREATE default/boekinggelukt.html: 0
[2013-01-26 16:28:36] EDIT AfspraakAssistent/views/default/boekinggelukt.html: 0
[2013-01-26 16:28:55] EDIT AfspraakAssistent/views/default/boek.html: -1
[2013-01-26 16:29:07] EDIT AfspraakAssistent/views/default/boekinggelukt.html: 5
[2013-01-26 16:29:52] EDIT AfspraakAssistent/views/default/boekinggelukt.html: 0
[2013-01-26 16:29:53] EDIT AfspraakAssistent/views/default/boekinggelukt.html: 0
[2013-01-26 16:30:41] EDIT AfspraakAssistent/views/default/boekinggelukt.html: 0
[2013-01-26 16:30:42] EDIT AfspraakAssistent/views/default/boekinggelukt.html: 0
[2013-01-26 16:30:42] EDIT AfspraakAssistent/views/default/boekinggelukt.html: 0
[2013-01-26 16:30:42] EDIT AfspraakAssistent/views/default/boekinggelukt.html: 0
[2013-01-26 16:30:42] EDIT AfspraakAssistent/views/default/boekinggelukt.html: 0
[2013-01-26 16:30:43] EDIT AfspraakAssistent/views/default/boekinggelukt.html: 0
[2013-01-26 16:30:49] EDIT AfspraakAssistent/views/default/boekinggelukt.html: 0
[2013-01-26 16:31:55] CREATE default/boekingsfout.html: 0
[2013-01-26 16:32:22] EDIT AfspraakAssistent/views/default/boekingsfout.html: 5
[2013-01-26 16:32:37] EDIT AfspraakAssistent/views/default/boekingsfout.html: 0
[2013-01-26 16:33:18] EDIT AfspraakAssistent/views/default/boekinggelukt.html: 0
[2013-01-26 16:33:22] EDIT AfspraakAssistent/views/default/boekingsfout.html: 0
[2013-01-26 16:36:07] EDIT AfspraakAssistent/controllers/ajax.py: -19
[2013-01-26 16:41:10] EDIT AfspraakAssistent/controllers/ajax.py: 0
[2013-01-26 16:41:18] EDIT AfspraakAssistent/controllers/ajax.py: 0
[2013-01-26 16:42:44] EDIT AfspraakAssistent/controllers/ajax.py: 0
[2013-01-26 16:42:58] EDIT AfspraakAssistent/controllers/ajax.py: 0
[2013-01-26 16:44:04] EDIT AfspraakAssistent/controllers/ajax.py: 0
[2013-01-26 16:44:06] EDIT AfspraakAssistent/controllers/ajax.py: 0
[2013-01-26 16:46:48] EDIT AfspraakAssistent/controllers/default.py: 0
[2013-01-26 16:48:01] EDIT AfspraakAssistent/controllers/default.py: 0
[2013-01-26 17:13:53] EDIT AfspraakAssistent/controllers/default.py: 0
[2013-01-26 17:16:47] EDIT AfspraakAssistent/controllers/default.py: 1
[2013-01-26 17:17:11] EDIT AfspraakAssistent/controllers/default.py: 0
[2013-01-26 17:17:23] EDIT AfspraakAssistent/controllers/default.py: 1
[2013-01-26 17:18:05] EDIT AfspraakAssistent/views/default/boekinggelukt.html: 0
[2013-01-26 17:18:49] EDIT AfspraakAssistent/views/default/boekinggelukt.html: 5
[2013-01-26 17:18:50] EDIT AfspraakAssistent/views/default/boekinggelukt.html: 0
[2013-01-26 17:19:51] EDIT AfspraakAssistent/controllers/default.py: 0
[2013-01-26 17:20:54] EDIT AfspraakAssistent/views/default/boekinggelukt.html: 0
[2013-01-26 17:21:17] EDIT AfspraakAssistent/views/default/boekingsfout.html: 5
[2013-01-26 17:21:18] EDIT AfspraakAssistent/views/default/boekingsfout.html: 0
[2013-01-26 17:21:18] EDIT AfspraakAssistent/views/default/boekingsfout.html: 0
[2013-01-26 17:21:56] EDIT AfspraakAssistent/views/default/boekingsfout.html: 0
[2013-01-26 17:54:27] EDIT AfspraakAssistent/models/menu.py: 0
[2013-01-26 17:55:04] EDIT AfspraakAssistent/models/menu.py: 0
[2013-01-26 17:55:55] EDIT AfspraakAssistent/models/db.py: 0
[2013-01-26 17:55:56] EDIT AfspraakAssistent/models/db.py: 0
[2013-01-26 17:59:36] EDIT AfspraakAssistent/controllers/ajax.py: 5
[2013-01-26 18:00:41] EDIT AfspraakAssistent/controllers/ajax.py: 4
[2013-01-26 18:00:42] EDIT AfspraakAssistent/controllers/ajax.py: 0
[2013-01-26 18:06:12] EDIT AfspraakAssistent/models/db.py: 0
[2013-01-26 18:06:13] EDIT AfspraakAssistent/models/db.py: 0
[2013-01-26 18:07:07] EDIT AfspraakAssistent/controllers/ajax.py: -1
[2013-01-26 18:07:08] EDIT AfspraakAssistent/controllers/ajax.py: 0
[2013-01-26 18:07:38] EDIT AfspraakAssistent/controllers/ajax.py: 0
[2013-01-26 18:07:58] EDIT AfspraakAssistent/controllers/ajax.py: 0
[2013-01-26 18:09:15] EDIT AfspraakAssistent/controllers/ajax.py: -5
[2013-01-26 18:09:16] EDIT AfspraakAssistent/controllers/ajax.py: 0
[2013-01-26 18:09:49] EDIT AfspraakAssistent/controllers/ajax.py: 0
[2013-01-26 18:11:27] EDIT AfspraakAssistent/controllers/ajax.py: 2
[2013-01-26 18:17:05] EDIT AfspraakAssistent/controllers/ajax.py: 4
[2013-01-26 18:18:23] EDIT AfspraakAssistent/controllers/ajax.py: 0
[2013-01-26 18:19:38] EDIT AfspraakAssistent/views/default/boek.html: 0
[2013-01-26 18:20:05] EDIT AfspraakAssistent/views/default/boek.html: 0
[2013-01-26 18:20:36] EDIT AfspraakAssistent/controllers/ajax.py: 0
[2013-01-27 12:35:37] EDIT AfspraakAssistent/controllers/default.py: 3
[2013-01-27 12:38:27] EDIT AfspraakAssistent/controllers/default.py: 0
[2013-01-27 12:38:36] EDIT AfspraakAssistent/controllers/default.py: 0
[2013-01-27 12:40:10] EDIT AfspraakAssistent/controllers/default.py: 0
[2013-01-27 12:40:35] EDIT AfspraakAssistent/controllers/default.py: 0
[2013-01-27 12:40:59] EDIT AfspraakAssistent/controllers/default.py: 0
[2013-01-27 12:41:16] EDIT AfspraakAssistent/controllers/default.py: 2
[2013-01-27 12:41:47] CREATE default/mijnafspraakassistent.html: 0
[2013-01-27 12:41:49] EDIT AfspraakAssistent/views/default/mijnafspraakassistent.html: 0
[2013-01-27 12:42:14] EDIT AfspraakAssistent/views/default/mijnafspraakassistent.html: 110
[2013-01-27 12:42:21] EDIT AfspraakAssistent/views/default/mijnafspraakassistent.html: 0
[2013-01-27 12:50:46] EDIT AfspraakAssistent/controllers/default.py: -3
[2013-01-27 12:50:51] EDIT AfspraakAssistent/controllers/default.py: 0
[2013-01-27 12:51:29] EDIT AfspraakAssistent/views/default/index.html: 1
[2013-01-27 12:53:58] EDIT AfspraakAssistent/views/layout.html: 1
[2013-01-27 12:54:06] EDIT AfspraakAssistent/views/layout.html: 0
[2013-01-27 12:54:47] EDIT AfspraakAssistent/models/menu.py: 0
[2013-01-27 12:55:11] EDIT AfspraakAssistent/models/menu.py: 0
[2013-01-27 12:55:22] EDIT AfspraakAssistent/models/menu.py: 0
[2013-01-27 12:55:59] EDIT AfspraakAssistent/views/layout.html: -1
[2013-01-27 12:57:44] EDIT AfspraakAssistent/views/default/index.html: -1
[2013-01-27 13:00:51] EDIT AfspraakAssistent/views/default/index.html: 0
[2013-01-27 13:02:51] EDIT AfspraakAssistent/views/default/index.html: 3
[2013-01-27 13:03:22] EDIT AfspraakAssistent/views/default/index.html: 0
[2013-01-27 13:04:48] EDIT AfspraakAssistent/views/default/index.html: -2
[2013-01-27 13:05:25] EDIT AfspraakAssistent/views/default/index.html: 0
[2013-01-27 13:05:50] EDIT AfspraakAssistent/views/default/index.html: 0
[2013-01-27 13:05:51] EDIT AfspraakAssistent/views/default/index.html: 0
[2013-01-27 13:06:37] EDIT AfspraakAssistent/views/default/index.html: 0
[2013-01-27 13:07:08] EDIT AfspraakAssistent/views/default/index.html: 0
[2013-01-27 13:08:31] EDIT AfspraakAssistent/views/default/index.html: 0
[2013-01-27 13:09:07] EDIT AfspraakAssistent/views/default/index.html: 0
[2013-01-27 13:10:10] EDIT AfspraakAssistent/views/default/index.html: 0
[2013-01-27 13:10:59] EDIT AfspraakAssistent/views/default/index.html: 0
[2013-01-27 13:11:01] EDIT AfspraakAssistent/views/default/index.html: 0
[2013-01-27 13:11:13] EDIT AfspraakAssistent/views/default/index.html: 0
[2013-01-27 13:11:29] EDIT AfspraakAssistent/views/default/index.html: 0
[2013-01-27 13:12:26] EDIT AfspraakAssistent/views/default/index.html: 0
[2013-01-27 13:13:07] EDIT AfspraakAssistent/views/default/index.html: 0
[2013-01-27 13:13:59] EDIT AfspraakAssistent/views/default/index.html: -2
[2013-01-27 13:14:06] EDIT AfspraakAssistent/views/default/index.html: -2
[2013-01-27 13:14:16] EDIT AfspraakAssistent/views/default/index.html: 0
[2013-01-27 13:15:30] EDIT AfspraakAssistent/views/default/index.html: 1
[2013-01-27 13:17:04] EDIT AfspraakAssistent/views/default/index.html: 0
[2013-01-27 13:17:29] EDIT AfspraakAssistent/views/default/index.html: 0
[2013-01-27 13:18:13] EDIT AfspraakAssistent/views/default/index.html: 0
[2013-01-27 13:18:40] EDIT AfspraakAssistent/views/default/index.html: 0
[2013-01-27 13:20:35] EDIT AfspraakAssistent/views/default/index.html: 0
[2013-01-27 13:21:55] EDIT AfspraakAssistent/views/default/index.html: -16
[2013-01-27 14:32:46] EDIT AfspraakAssistent/views/default/index.html: 0
[2013-01-27 14:32:59] EDIT AfspraakAssistent/views/default/index.html: 0
[2013-01-27 14:33:31] EDIT AfspraakAssistent/views/default/index.html: 0
[2013-01-27 14:33:53] EDIT AfspraakAssistent/views/default/index.html: 0
[2013-01-27 14:44:13] CREATE layoutindex.html: 0
[2013-01-27 14:44:42] EDIT AfspraakAssistent/views/layoutindex.html: 92
[2013-01-27 14:45:09] EDIT AfspraakAssistent/views/layoutindex.html: 0
[2013-01-27 14:46:09] EDIT AfspraakAssistent/views/layoutindex.html: -19
[2013-01-27 14:46:10] EDIT AfspraakAssistent/views/layoutindex.html: 0
[2013-01-27 14:46:56] EDIT AfspraakAssistent/views/default/index.html: -73
[2013-01-27 14:47:01] EDIT AfspraakAssistent/views/default/index.html: -1
[2013-01-27 14:51:28] EDIT AfspraakAssistent/views/default/index.html: 0
[2013-01-27 14:52:12] EDIT AfspraakAssistent/views/default/index.html: 0
[2013-01-27 14:52:32] CREATE default/contact.html: 0
[2013-01-27 14:53:12] EDIT AfspraakAssistent/views/default/contact.html: 18
[2013-01-27 14:53:41] EDIT AfspraakAssistent/views/layoutindex.html: 0
[2013-01-27 14:54:01] EDIT AfspraakAssistent/controllers/default.py: 2
[2013-01-27 14:55:46] EDIT AfspraakAssistent/views/default/contact.html: -15
[2013-01-27 14:56:07] EDIT AfspraakAssistent/views/default/contact.html: -1
[2013-01-27 14:56:49] EDIT AfspraakAssistent/views/layoutindex.html: 0
[2013-01-27 14:57:25] EDIT AfspraakAssistent/views/default/contact.html: 0
[2013-01-27 15:35:52] EDIT AfspraakAssistent/views/default/index.html: 0
[2013-01-27 15:36:48] EDIT AfspraakAssistent/views/default/index.html: 0
